#
# There is insufficient memory for the Java Runtime Environment to continue.
# Native memory allocation (malloc) failed to allocate 32744 bytes. Error detail: ChunkPool::allocate
# Possible reasons:
#   The system is out of physical RAM or swap space
#   This process is running with CompressedOops enabled, and the Java Heap may be blocking the growth of the native heap
# Possible solutions:
#   Reduce memory load on the system
#   Increase physical memory or swap space
#   Check if swap backing store is full
#   Decrease Java heap size (-Xmx/-Xms)
#   Decrease number of Java threads
#   Decrease Java thread stack sizes (-Xss)
#   Set larger code cache with -XX:ReservedCodeCacheSize=
#   JVM is running with Unscaled Compressed Oops mode in which the Java heap is
#     placed in the first 4GB address space. The Java Heap base address is the
#     maximum limit for the native heap growth. Please use -XX:HeapBaseMinAddress
#     to set the Java Heap base and to place the Java Heap above 4GB virtual address.
# This output file may be truncated or incomplete.
#
#  Out of Memory Error (arena.cpp:79), pid=11244, tid=24552
#
# JRE version: OpenJDK Runtime Environment Temurin-17.0.13+11 (17.0.13+11) (build 17.0.13+11)
# Java VM: OpenJDK 64-Bit Server VM Temurin-17.0.13+11 (17.0.13+11, mixed mode, tiered, compressed oops, compressed class ptrs, parallel gc, windows-amd64)
# No core dump will be written. Minidumps are not enabled by default on client versions of Windows
#

---------------  S U M M A R Y ------------

Command Line: --add-modules=ALL-SYSTEM --add-opens=java.base/java.util=ALL-UNNAMED --add-opens=java.base/java.lang=ALL-UNNAMED --add-opens=java.base/sun.nio.fs=ALL-UNNAMED -Declipse.application=org.eclipse.jdt.ls.core.id1 -Dosgi.bundles.defaultStartLevel=4 -Declipse.product=org.eclipse.jdt.ls.core.product -Djava.import.generatesMetadataFilesAtProjectRoot=false -DDetectVMInstallationsJob.disabled=true -Dfile.encoding=utf8 -XX:+UseParallelGC -XX:GCTimeRatio=4 -XX:AdaptiveSizePolicyWeight=90 -Dsun.zip.disableMemoryMapping=true -Xmx1G -Xms100m -Xlog:disable -javaagent:c:\Users\aaota\.vscode\extensions\redhat.java-1.38.0-win32-x64\lombok\lombok-1.18.34.jar c:\Users\aaota\.vscode\extensions\redhat.java-1.38.0-win32-x64\server\plugins\org.eclipse.equinox.launcher_1.6.900.v20240613-2009.jar -configuration c:\Users\aaota\AppData\Roaming\Code\User\globalStorage\redhat.java\1.38.0\config_ss_win -data c:\Users\aaota\AppData\Roaming\Code\User\workspaceStorage\04a3af300efd385a6f56af7f530eafb8\redhat.java\ss_ws --pipe=\\.\pipe\lsp-80aee5cb896d6af294038ae0f3edbac4-sock

Host: 12th Gen Intel(R) Core(TM) i7-1255U, 12 cores, 15G,  Windows 11 , 64 bit Build 22621 (10.0.22621.4391)
Time: Mon Jan 27 22:44:21 2025 India Standard Time elapsed time: 0.974380 seconds (0d 0h 0m 0s)

---------------  T H R E A D  ---------------

Current thread (0x0000022716633470):  JavaThread "C2 CompilerThread2" daemon [_thread_in_native, id=24552, stack(0x000000b253500000,0x000000b253600000)]


Current CompileTask:
C2:    974  628       4       java.util.Collections$UnmodifiableCollection$1::<init> (26 bytes)

Stack: [0x000000b253500000,0x000000b253600000]
Native frames: (J=compiled Java code, j=interpreted, Vv=VM code, C=native code)
V  [jvm.dll+0x682a19]
V  [jvm.dll+0x839538]
V  [jvm.dll+0x83afe3]
V  [jvm.dll+0x83b653]
V  [jvm.dll+0x24704f]
V  [jvm.dll+0xad03c]
V  [jvm.dll+0xad4cc]
V  [jvm.dll+0x6cdcc3]
V  [jvm.dll+0x1ba891]
V  [jvm.dll+0x2181a7]
V  [jvm.dll+0x21748f]
V  [jvm.dll+0x1a3070]
V  [jvm.dll+0x22788c]
V  [jvm.dll+0x2259eb]
V  [jvm.dll+0x7eec98]
V  [jvm.dll+0x7e8ffc]
V  [jvm.dll+0x6818f7]
C  [ucrtbase.dll+0x29333]
C  [KERNEL32.DLL+0x1259d]
C  [ntdll.dll+0x5af38]


---------------  P R O C E S S  ---------------

Threads class SMR info:
_java_thread_list=0x000002271509e430, length=14, elements={
0x000002277bc1c0a0, 0x000002277eaae490, 0x0000022715075df0, 0x00000227150a1340,
0x00000227150a20d0, 0x00000227150a3790, 0x00000227150a54c0, 0x00000227150ab2a0,
0x00000227150b2530, 0x00000227150b3600, 0x00000227152048b0, 0x0000022715356210,
0x00000227153cc010, 0x0000022716633470
}

Java Threads: ( => current thread )
  0x000002277bc1c0a0 JavaThread "main" [_thread_in_vm, id=13100, stack(0x000000b252500000,0x000000b252600000)]
  0x000002277eaae490 JavaThread "Reference Handler" daemon [_thread_blocked, id=18260, stack(0x000000b252800000,0x000000b252900000)]
  0x0000022715075df0 JavaThread "Finalizer" daemon [_thread_blocked, id=8700, stack(0x000000b252900000,0x000000b252a00000)]
  0x00000227150a1340 JavaThread "Signal Dispatcher" daemon [_thread_blocked, id=7824, stack(0x000000b252a00000,0x000000b252b00000)]
  0x00000227150a20d0 JavaThread "Attach Listener" daemon [_thread_blocked, id=17048, stack(0x000000b252b00000,0x000000b252c00000)]
  0x00000227150a3790 JavaThread "Service Thread" daemon [_thread_blocked, id=24832, stack(0x000000b252c00000,0x000000b252d00000)]
  0x00000227150a54c0 JavaThread "Monitor Deflation Thread" daemon [_thread_blocked, id=13648, stack(0x000000b252d00000,0x000000b252e00000)]
  0x00000227150ab2a0 JavaThread "C2 CompilerThread0" daemon [_thread_in_native, id=23184, stack(0x000000b252e00000,0x000000b252f00000)]
  0x00000227150b2530 JavaThread "C1 CompilerThread0" daemon [_thread_in_native, id=3128, stack(0x000000b252f00000,0x000000b253000000)]
  0x00000227150b3600 JavaThread "Sweeper thread" daemon [_thread_blocked, id=14880, stack(0x000000b253000000,0x000000b253100000)]
  0x00000227152048b0 JavaThread "Common-Cleaner" daemon [_thread_blocked, id=22152, stack(0x000000b253100000,0x000000b253200000)]
  0x0000022715356210 JavaThread "C2 CompilerThread1" daemon [_thread_in_native, id=2944, stack(0x000000b253200000,0x000000b253300000)]
  0x00000227153cc010 JavaThread "Notification Thread" daemon [_thread_blocked, id=11060, stack(0x000000b253300000,0x000000b253400000)]
=>0x0000022716633470 JavaThread "C2 CompilerThread2" daemon [_thread_in_native, id=24552, stack(0x000000b253500000,0x000000b253600000)]

Other Threads:
  0x0000022715062fe0 VMThread "VM Thread" [stack: 0x000000b252700000,0x000000b252800000] [id=22172]
  0x00000227153f0e00 WatcherThread [stack: 0x000000b253400000,0x000000b253500000] [id=24468]
  0x000002277bc33810 GCTaskThread "GC Thread#0" [stack: 0x000000b252600000,0x000000b252700000] [id=20980]

Threads with active compile tasks:
C2 CompilerThread0     1015  630       4       lombok.patcher.PatchScript::classMatches (41 bytes)
C1 CompilerThread0     1015  648 %     3       java.util.Properties$LineReader::readLine @ 53 (584 bytes)
C2 CompilerThread1     1015  629       4       lombok.patcher.scripts.MethodLevelPatchScript::patch (21 bytes)
C2 CompilerThread2     1015  628       4       java.util.Collections$UnmodifiableCollection$1::<init> (26 bytes)

VM state: not at safepoint (normal execution)

VM Mutex/Monitor currently owned by a thread: None

Heap address: 0x00000000c0000000, size: 1024 MB, Compressed Oops mode: 32-bit

CDS archive(s) not mapped
Compressed class space mapped at: 0x0000000100000000-0x0000000140000000, reserved size: 1073741824
Narrow klass base: 0x0000000000000000, Narrow klass shift: 3, Narrow klass range: 0x140000000

GC Precious Log:
 CPUs: 12 total, 12 available
 Memory: 16068M
 Large Page Support: Disabled
 NUMA Support: Disabled
 Compressed Oops: Enabled (32-bit)
 Alignments: Space 512K, Generation 512K, Heap 2M
 Heap Min Capacity: 100M
 Heap Initial Capacity: 100M
 Heap Max Capacity: 1G
 Pre-touch: Disabled
 Parallel Workers: 10

Heap:
 PSYoungGen      total 29696K, used 14098K [0x00000000eab00000, 0x00000000ecc00000, 0x0000000100000000)
  eden space 25600K, 55% used [0x00000000eab00000,0x00000000eb8c48e0,0x00000000ec400000)
  from space 4096K, 0% used [0x00000000ec800000,0x00000000ec800000,0x00000000ecc00000)
  to   space 4096K, 0% used [0x00000000ec400000,0x00000000ec400000,0x00000000ec800000)
 ParOldGen       total 68608K, used 0K [0x00000000c0000000, 0x00000000c4300000, 0x00000000eab00000)
  object space 68608K, 0% used [0x00000000c0000000,0x00000000c0000000,0x00000000c4300000)
 Metaspace       used 9081K, committed 9152K, reserved 1114112K
  class space    used 898K, committed 960K, reserved 1048576K

Card table byte_map: [0x000002277b5b0000,0x000002277b7c0000] _byte_map_base: 0x000002277afb0000

Marking Bits: (ParMarkBitMap*) 0x00007ffa3cfc6940
 Begin Bits: [0x000002270f000000, 0x0000022710000000)
 End Bits:   [0x0000022710000000, 0x0000022711000000)

Polling page: 0x0000022779b50000

Metaspace:

Usage:
  Non-class:      7.99 MB used.
      Class:    898.79 KB used.
       Both:      8.87 MB used.

Virtual space:
  Non-class space:       64.00 MB reserved,       8.00 MB ( 12%) committed,  1 nodes.
      Class space:        1.00 GB reserved,     960.00 KB ( <1%) committed,  1 nodes.
             Both:        1.06 GB reserved,       8.94 MB ( <1%) committed. 

Chunk freelists:
   Non-Class:  7.94 MB
       Class:  15.08 MB
        Both:  23.02 MB

MaxMetaspaceSize: unlimited
CompressedClassSpaceSize: 1.00 GB
Initial GC threshold: 21.00 MB
Current GC threshold: 21.00 MB
CDS: off
MetaspaceReclaimPolicy: balanced
 - commit_granule_bytes: 65536.
 - commit_granule_words: 8192.
 - virtual_space_node_default_size: 8388608.
 - enlarge_chunks_in_place: 1.
 - new_chunks_are_fully_committed: 0.
 - uncommit_free_chunks: 1.
 - use_allocation_guard: 0.
 - handle_deallocations: 1.


Internal statistics:

num_allocs_failed_limit: 0.
num_arena_births: 10.
num_arena_deaths: 0.
num_vsnodes_births: 2.
num_vsnodes_deaths: 0.
num_space_committed: 143.
num_space_uncommitted: 0.
num_chunks_returned_to_freelist: 0.
num_chunks_taken_from_freelist: 44.
num_chunk_merges: 0.
num_chunk_splits: 26.
num_chunks_enlarged: 25.
num_inconsistent_stats: 0.

CodeHeap 'non-profiled nmethods': size=120000Kb used=248Kb max_used=248Kb free=119751Kb
 bounds [0x0000022707ad0000, 0x0000022707d40000, 0x000002270f000000]
CodeHeap 'profiled nmethods': size=120000Kb used=924Kb max_used=924Kb free=119075Kb
 bounds [0x0000022700000000, 0x0000022700270000, 0x0000022707530000]
CodeHeap 'non-nmethods': size=5760Kb used=1133Kb max_used=1152Kb free=4626Kb
 bounds [0x0000022707530000, 0x00000227077a0000, 0x0000022707ad0000]
 total_blobs=1063 nmethods=641 adapters=337
 compilation: enabled
              stopped_count=0, restarted_count=0
 full_count=0

Compilation events (20 events):
Event: 0.952 Thread 0x00000227150b2530  624       3       jdk.internal.misc.Unsafe::getIntUnaligned (83 bytes)
Event: 0.952 Thread 0x00000227150b2530 nmethod 624 0x00000227000d6c10 code [0x00000227000d6de0, 0x00000227000d7268]
Event: 0.953 Thread 0x00000227150b2530  631       3       java.lang.String::valueOf (15 bytes)
Event: 0.953 Thread 0x00000227150b2530 nmethod 631 0x00000227000d7410 code [0x00000227000d75c0, 0x00000227000d77c8]
Event: 0.954 Thread 0x00000227150b2530  632       3       java.security.Provider$ServiceKey::<init> (39 bytes)
Event: 0.955 Thread 0x00000227150b2530 nmethod 632 0x00000227000d7890 code [0x00000227000d7a80, 0x00000227000d7ec8]
Event: 0.955 Thread 0x00000227150b2530  633       3       java.security.Provider$ServiceKey::hashCode (19 bytes)
Event: 0.955 Thread 0x00000227150b2530 nmethod 633 0x00000227000d8090 code [0x00000227000d8240, 0x00000227000d83d8]
Event: 0.955 Thread 0x00000227150b2530  634       1       java.security.Provider$UString::toString (5 bytes)
Event: 0.955 Thread 0x00000227150b2530 nmethod 634 0x0000022707b0bf10 code [0x0000022707b0c0a0, 0x0000022707b0c178]
Event: 0.956 Thread 0x00000227150b2530  635       1       java.security.Provider$Service::getProvider (5 bytes)
Event: 0.956 Thread 0x00000227150b2530 nmethod 635 0x0000022707b0c210 code [0x0000022707b0c3a0, 0x0000022707b0c478]
Event: 0.960 Thread 0x00000227150b2530  636       3       sun.security.provider.SHA2::implCompress0 (490 bytes)
Event: 0.961 Thread 0x00000227150b2530 nmethod 636 0x00000227000d8510 code [0x00000227000d8700, 0x00000227000d8f48]
Event: 0.962 Thread 0x00000227150b2530  637       3       sun.security.provider.ByteArrayAccess::b2iBig64 (231 bytes)
Event: 0.964 Thread 0x00000227150ab2a0 nmethod 627 0x0000022707b0c510 code [0x0000022707b0c6e0, 0x0000022707b0cd18]
Event: 0.964 Thread 0x00000227150ab2a0  630       4       lombok.patcher.PatchScript::classMatches (41 bytes)
Event: 0.967 Thread 0x0000022715356210 nmethod 626 0x0000022707b0d110 code [0x0000022707b0d2c0, 0x0000022707b0d818]
Event: 0.967 Thread 0x0000022715356210  629       4       lombok.patcher.scripts.MethodLevelPatchScript::patch (21 bytes)
Event: 0.970 Thread 0x00000227150b2530 nmethod 637 0x00000227000d9410 code [0x00000227000d9ee0, 0x00000227000e0438]

GC Heap History (0 events):
No events

Dll operation events (8 events):
Event: 0.091 Loaded shared library c:\Users\aaota\.vscode\extensions\redhat.java-1.38.0-win32-x64\jre\17.0.13-win32-x86_64\bin\java.dll
Event: 0.376 Loaded shared library c:\Users\aaota\.vscode\extensions\redhat.java-1.38.0-win32-x64\jre\17.0.13-win32-x86_64\bin\zip.dll
Event: 0.381 Loaded shared library C:\Users\aaota\.vscode\extensions\redhat.java-1.38.0-win32-x64\jre\17.0.13-win32-x86_64\bin\instrument.dll
Event: 0.400 Loaded shared library C:\Users\aaota\.vscode\extensions\redhat.java-1.38.0-win32-x64\jre\17.0.13-win32-x86_64\bin\net.dll
Event: 0.405 Loaded shared library C:\Users\aaota\.vscode\extensions\redhat.java-1.38.0-win32-x64\jre\17.0.13-win32-x86_64\bin\nio.dll
Event: 0.413 Loaded shared library C:\Users\aaota\.vscode\extensions\redhat.java-1.38.0-win32-x64\jre\17.0.13-win32-x86_64\bin\zip.dll
Event: 0.435 Loaded shared library C:\Users\aaota\.vscode\extensions\redhat.java-1.38.0-win32-x64\jre\17.0.13-win32-x86_64\bin\jimage.dll
Event: 0.532 Loaded shared library c:\Users\aaota\.vscode\extensions\redhat.java-1.38.0-win32-x64\jre\17.0.13-win32-x86_64\bin\verify.dll

Deoptimization events (20 events):
Event: 0.810 Thread 0x000002277bc1c0a0 Uncommon trap: trap_request=0xffffff45 fr.pc=0x0000022707afc634 relative=0x00000000000005b4
Event: 0.810 Thread 0x000002277bc1c0a0 Uncommon trap: reason=unstable_if action=reinterpret pc=0x0000022707afc634 method=java.lang.String.replace(Ljava/lang/CharSequence;Ljava/lang/CharSequence;)Ljava/lang/String; @ 48 c2
Event: 0.810 Thread 0x000002277bc1c0a0 DEOPT PACKING pc=0x0000022707afc634 sp=0x000000b2525fcbe0
Event: 0.810 Thread 0x000002277bc1c0a0 DEOPT UNPACKING pc=0x00000227075866a3 sp=0x000000b2525fcb50 mode 2
Event: 0.908 Thread 0x000002277bc1c0a0 Uncommon trap: trap_request=0xffffff45 fr.pc=0x0000022707ae68e0 relative=0x00000000000002e0
Event: 0.908 Thread 0x000002277bc1c0a0 Uncommon trap: reason=unstable_if action=reinterpret pc=0x0000022707ae68e0 method=java.lang.StringUTF16.compress([CI[BII)I @ 20 c2
Event: 0.908 Thread 0x000002277bc1c0a0 DEOPT PACKING pc=0x0000022707ae68e0 sp=0x000000b2525fbd40
Event: 0.908 Thread 0x000002277bc1c0a0 DEOPT UNPACKING pc=0x00000227075866a3 sp=0x000000b2525fbcc0 mode 2
Event: 0.929 Thread 0x000002277bc1c0a0 DEOPT PACKING pc=0x00000227000c1cfa sp=0x000000b2525fd890
Event: 0.929 Thread 0x000002277bc1c0a0 DEOPT UNPACKING pc=0x0000022707586e43 sp=0x000000b2525fcce8 mode 0
Event: 0.929 Thread 0x000002277bc1c0a0 DEOPT PACKING pc=0x00000227000c1cfa sp=0x000000b2525fd890
Event: 0.929 Thread 0x000002277bc1c0a0 DEOPT UNPACKING pc=0x0000022707586e43 sp=0x000000b2525fcce8 mode 0
Event: 0.929 Thread 0x000002277bc1c0a0 DEOPT PACKING pc=0x00000227000c1cfa sp=0x000000b2525fd9b0
Event: 0.929 Thread 0x000002277bc1c0a0 DEOPT UNPACKING pc=0x0000022707586e43 sp=0x000000b2525fce08 mode 0
Event: 0.929 Thread 0x000002277bc1c0a0 DEOPT PACKING pc=0x00000227000c1cfa sp=0x000000b2525fd9b0
Event: 0.929 Thread 0x000002277bc1c0a0 DEOPT UNPACKING pc=0x0000022707586e43 sp=0x000000b2525fce08 mode 0
Event: 0.937 Thread 0x000002277bc1c0a0 Uncommon trap: trap_request=0xffffff6e fr.pc=0x0000022707b090ec relative=0x00000000000001ec
Event: 0.937 Thread 0x000002277bc1c0a0 Uncommon trap: reason=loop_limit_check action=maybe_recompile pc=0x0000022707b090ec method=java.math.BigInteger.implMulAdd([I[IIII)I @ 26 c2
Event: 0.937 Thread 0x000002277bc1c0a0 DEOPT PACKING pc=0x0000022707b090ec sp=0x000000b2525fda80
Event: 0.938 Thread 0x000002277bc1c0a0 DEOPT UNPACKING pc=0x00000227075866a3 sp=0x000000b2525fd9d0 mode 2

Classes loaded (20 events):
Event: 0.946 Loading class sun/security/util/KeyUtil
Event: 0.946 Loading class sun/security/util/KeyUtil done
Event: 0.946 Loading class sun/security/util/Length
Event: 0.946 Loading class sun/security/util/Length done
Event: 0.946 Loading class javax/crypto/SecretKey
Event: 0.947 Loading class javax/crypto/SecretKey done
Event: 0.947 Loading class java/util/LinkedHashMap$LinkedEntrySet
Event: 0.947 Loading class java/util/LinkedHashMap$LinkedEntrySet done
Event: 0.947 Loading class java/util/LinkedHashMap$LinkedEntryIterator
Event: 0.948 Loading class java/util/LinkedHashMap$LinkedEntryIterator done
Event: 0.949 Loading class java/util/Base64
Event: 0.950 Loading class java/util/Base64 done
Event: 0.950 Loading class java/util/Base64$Decoder
Event: 0.950 Loading class java/util/Base64$Decoder done
Event: 0.951 Loading class java/util/Base64$Encoder
Event: 0.951 Loading class java/util/Base64$Encoder done
Event: 0.951 Loading class java/util/jar/JarVerifier$VerifierStream
Event: 0.952 Loading class java/util/jar/JarVerifier$VerifierStream done
Event: 0.952 Loading class sun/security/util/ManifestEntryVerifier$SunProviderHolder
Event: 0.953 Loading class sun/security/util/ManifestEntryVerifier$SunProviderHolder done

Classes unloaded (0 events):
No events

Classes redefined (0 events):
No events

Internal exceptions (2 events):
Event: 0.342 Thread 0x000002277bc1c0a0 Exception <a 'java/lang/NoSuchMethodError'{0x00000000eacb4fb8}: 'void java.lang.invoke.DirectMethodHandle$Holder.invokeStatic(java.lang.Object, java.lang.Object, java.lang.Object)'> (0x00000000eacb4fb8) 
thrown [s\src\hotspot\share\interpreter\linkResolver.cpp, line 759]
Event: 0.566 Thread 0x000002277bc1c0a0 Exception <a 'java/lang/reflect/InvocationTargetException'{0x00000000eafe79b0}> (0x00000000eafe79b0) 
thrown [s\src\hotspot\share\runtime\reflection.cpp, line 1128]

VM Operations (6 events):
Event: 0.348 Executing VM operation: HandshakeAllThreads
Event: 0.348 Executing VM operation: HandshakeAllThreads done
Event: 0.453 Executing VM operation: HandshakeAllThreads
Event: 0.453 Executing VM operation: HandshakeAllThreads done
Event: 0.948 Executing VM operation: HandshakeAllThreads
Event: 0.948 Executing VM operation: HandshakeAllThreads done

Memory protections (0 events):
No events

Nmethod flushes (0 events):
No events

Events (14 events):
Event: 0.211 Thread 0x000002277bc1c0a0 Thread added: 0x000002277bc1c0a0
Event: 0.225 Thread 0x000002277bc1c0a0 Thread added: 0x000002277eaae490
Event: 0.225 Thread 0x000002277bc1c0a0 Thread added: 0x0000022715075df0
Event: 0.255 Thread 0x000002277bc1c0a0 Thread added: 0x00000227150a1340
Event: 0.255 Thread 0x000002277bc1c0a0 Thread added: 0x00000227150a20d0
Event: 0.255 Thread 0x000002277bc1c0a0 Thread added: 0x00000227150a3790
Event: 0.255 Thread 0x000002277bc1c0a0 Thread added: 0x00000227150a54c0
Event: 0.256 Thread 0x000002277bc1c0a0 Thread added: 0x00000227150ab2a0
Event: 0.256 Thread 0x000002277bc1c0a0 Thread added: 0x00000227150b2530
Event: 0.256 Thread 0x000002277bc1c0a0 Thread added: 0x00000227150b3600
Event: 0.327 Thread 0x000002277bc1c0a0 Thread added: 0x00000227152048b0
Event: 0.523 Thread 0x00000227150ab2a0 Thread added: 0x0000022715356210
Event: 0.657 Thread 0x000002277bc1c0a0 Thread added: 0x00000227153cc010
Event: 0.823 Thread 0x00000227150b2530 Thread added: 0x0000022716633470


Dynamic libraries:
0x00007ff6b4d30000 - 0x00007ff6b4d3e000 	c:\Users\aaota\.vscode\extensions\redhat.java-1.38.0-win32-x64\jre\17.0.13-win32-x86_64\bin\java.exe
0x00007ffadc330000 - 0x00007ffadc547000 	C:\Windows\SYSTEM32\ntdll.dll
0x00007ffadad00000 - 0x00007ffadadc4000 	C:\Windows\System32\KERNEL32.DLL
0x00007ffad9830000 - 0x00007ffad9bea000 	C:\Windows\System32\KERNELBASE.dll
0x00007ffad9bf0000 - 0x00007ffad9d01000 	C:\Windows\System32\ucrtbase.dll
0x00007ffac0d50000 - 0x00007ffac0d67000 	c:\Users\aaota\.vscode\extensions\redhat.java-1.38.0-win32-x64\jre\17.0.13-win32-x86_64\bin\jli.dll
0x00007ffada1f0000 - 0x00007ffada39e000 	C:\Windows\System32\USER32.dll
0x00007ffac0340000 - 0x00007ffac035e000 	c:\Users\aaota\.vscode\extensions\redhat.java-1.38.0-win32-x64\jre\17.0.13-win32-x86_64\bin\VCRUNTIME140.dll
0x00007ffad95f0000 - 0x00007ffad9616000 	C:\Windows\System32\win32u.dll
0x00007ffaa00b0000 - 0x00007ffaa0342000 	C:\Windows\WinSxS\amd64_microsoft.windows.common-controls_6595b64144ccf1df_6.0.22621.4541_none_2710d1c57384c085\COMCTL32.dll
0x00007ffadaa00000 - 0x00007ffadaa29000 	C:\Windows\System32\GDI32.dll
0x00007ffadc240000 - 0x00007ffadc2e7000 	C:\Windows\System32\msvcrt.dll
0x00007ffad9e10000 - 0x00007ffad9f2b000 	C:\Windows\System32\gdi32full.dll
0x00007ffad9620000 - 0x00007ffad96ba000 	C:\Windows\System32\msvcp_win.dll
0x00007ffadae00000 - 0x00007ffadae31000 	C:\Windows\System32\IMM32.DLL
0x00007ffac0330000 - 0x00007ffac033c000 	c:\Users\aaota\.vscode\extensions\redhat.java-1.38.0-win32-x64\jre\17.0.13-win32-x86_64\bin\vcruntime140_1.dll
0x00007ffac02a0000 - 0x00007ffac032d000 	c:\Users\aaota\.vscode\extensions\redhat.java-1.38.0-win32-x64\jre\17.0.13-win32-x86_64\bin\msvcp140.dll
0x00007ffa3c420000 - 0x00007ffa3d08b000 	c:\Users\aaota\.vscode\extensions\redhat.java-1.38.0-win32-x64\jre\17.0.13-win32-x86_64\bin\server\jvm.dll
0x00007ffadae40000 - 0x00007ffadaef2000 	C:\Windows\System32\ADVAPI32.dll
0x00007ffadbd50000 - 0x00007ffadbdf7000 	C:\Windows\System32\sechost.dll
0x00007ffad9ff0000 - 0x00007ffada018000 	C:\Windows\System32\bcrypt.dll
0x00007ffada0b0000 - 0x00007ffada1c4000 	C:\Windows\System32\RPCRT4.dll
0x00007ffadbb20000 - 0x00007ffadbb91000 	C:\Windows\System32\WS2_32.dll
0x00007ffac6900000 - 0x00007ffac690a000 	C:\Windows\SYSTEM32\VERSION.dll
0x00007ffad9310000 - 0x00007ffad935d000 	C:\Windows\SYSTEM32\POWRPROF.dll
0x00007ffacf360000 - 0x00007ffacf394000 	C:\Windows\SYSTEM32\WINMM.dll
0x00007ffad92f0000 - 0x00007ffad9303000 	C:\Windows\SYSTEM32\UMPDC.dll
0x00007ffad85a0000 - 0x00007ffad85b8000 	C:\Windows\SYSTEM32\kernel.appcore.dll
0x00007ffac0250000 - 0x00007ffac025a000 	c:\Users\aaota\.vscode\extensions\redhat.java-1.38.0-win32-x64\jre\17.0.13-win32-x86_64\bin\jimage.dll
0x00007ffad6ea0000 - 0x00007ffad70d2000 	C:\Windows\SYSTEM32\DBGHELP.DLL
0x00007ffadaf00000 - 0x00007ffadb291000 	C:\Windows\System32\combase.dll
0x00007ffadaa30000 - 0x00007ffadab07000 	C:\Windows\System32\OLEAUT32.dll
0x00007ffac9070000 - 0x00007ffac90a2000 	C:\Windows\SYSTEM32\dbgcore.DLL
0x00007ffad9d10000 - 0x00007ffad9d8b000 	C:\Windows\System32\bcryptPrimitives.dll
0x00007ffac0290000 - 0x00007ffac029e000 	c:\Users\aaota\.vscode\extensions\redhat.java-1.38.0-win32-x64\jre\17.0.13-win32-x86_64\bin\instrument.dll
0x00007ffac0260000 - 0x00007ffac0285000 	c:\Users\aaota\.vscode\extensions\redhat.java-1.38.0-win32-x64\jre\17.0.13-win32-x86_64\bin\java.dll
0x00007ffa91be0000 - 0x00007ffa91bf8000 	c:\Users\aaota\.vscode\extensions\redhat.java-1.38.0-win32-x64\jre\17.0.13-win32-x86_64\bin\zip.dll
0x00007ffadb2a0000 - 0x00007ffadbb19000 	C:\Windows\System32\SHELL32.dll
0x00007ffad74e0000 - 0x00007ffad7de9000 	C:\Windows\SYSTEM32\windows.storage.dll
0x00007ffad73a0000 - 0x00007ffad74df000 	C:\Windows\SYSTEM32\wintypes.dll
0x00007ffada8f0000 - 0x00007ffada9ea000 	C:\Windows\System32\SHCORE.dll
0x00007ffadc070000 - 0x00007ffadc0ce000 	C:\Windows\System32\shlwapi.dll
0x00007ffad9520000 - 0x00007ffad954b000 	C:\Windows\SYSTEM32\profapi.dll
0x00007ffa81270000 - 0x00007ffa81289000 	C:\Users\aaota\.vscode\extensions\redhat.java-1.38.0-win32-x64\jre\17.0.13-win32-x86_64\bin\net.dll
0x00007ffad4eb0000 - 0x00007ffad4fe6000 	C:\Windows\SYSTEM32\WINHTTP.dll
0x00007ffad8a70000 - 0x00007ffad8ad9000 	C:\Windows\system32\mswsock.dll
0x00007ffa80f70000 - 0x00007ffa80f86000 	C:\Users\aaota\.vscode\extensions\redhat.java-1.38.0-win32-x64\jre\17.0.13-win32-x86_64\bin\nio.dll
0x00007ffabd970000 - 0x00007ffabd980000 	c:\Users\aaota\.vscode\extensions\redhat.java-1.38.0-win32-x64\jre\17.0.13-win32-x86_64\bin\verify.dll

dbghelp: loaded successfully - version: 4.0.5 - missing functions: none
symbol engine: initialized successfully - sym options: 0x614 - pdb path: .;c:\Users\aaota\.vscode\extensions\redhat.java-1.38.0-win32-x64\jre\17.0.13-win32-x86_64\bin;C:\Windows\SYSTEM32;C:\Windows\WinSxS\amd64_microsoft.windows.common-controls_6595b64144ccf1df_6.0.22621.4541_none_2710d1c57384c085;c:\Users\aaota\.vscode\extensions\redhat.java-1.38.0-win32-x64\jre\17.0.13-win32-x86_64\bin\server

VM Arguments:
jvm_args: --add-modules=ALL-SYSTEM --add-opens=java.base/java.util=ALL-UNNAMED --add-opens=java.base/java.lang=ALL-UNNAMED --add-opens=java.base/sun.nio.fs=ALL-UNNAMED -Declipse.application=org.eclipse.jdt.ls.core.id1 -Dosgi.bundles.defaultStartLevel=4 -Declipse.product=org.eclipse.jdt.ls.core.product -Djava.import.generatesMetadataFilesAtProjectRoot=false -DDetectVMInstallationsJob.disabled=true -Dfile.encoding=utf8 -XX:+UseParallelGC -XX:GCTimeRatio=4 -XX:AdaptiveSizePolicyWeight=90 -Dsun.zip.disableMemoryMapping=true -Xmx1G -Xms100m -Xlog:disable -javaagent:c:\Users\aaota\.vscode\extensions\redhat.java-1.38.0-win32-x64\lombok\lombok-1.18.34.jar 
java_command: c:\Users\aaota\.vscode\extensions\redhat.java-1.38.0-win32-x64\server\plugins\org.eclipse.equinox.launcher_1.6.900.v20240613-2009.jar -configuration c:\Users\aaota\AppData\Roaming\Code\User\globalStorage\redhat.java\1.38.0\config_ss_win -data c:\Users\aaota\AppData\Roaming\Code\User\workspaceStorage\04a3af300efd385a6f56af7f530eafb8\redhat.java\ss_ws --pipe=\\.\pipe\lsp-80aee5cb896d6af294038ae0f3edbac4-sock
java_class_path (initial): c:\Users\aaota\.vscode\extensions\redhat.java-1.38.0-win32-x64\server\plugins\org.eclipse.equinox.launcher_1.6.900.v20240613-2009.jar
Launcher Type: SUN_STANDARD

[Global flags]
    uintx AdaptiveSizePolicyWeight                 = 90                                        {product} {command line}
     intx CICompilerCount                          = 4                                         {product} {ergonomic}
    uintx GCTimeRatio                              = 4                                         {product} {command line}
   size_t InitialHeapSize                          = 104857600                                 {product} {command line}
   size_t MaxHeapSize                              = 1073741824                                {product} {command line}
   size_t MaxNewSize                               = 357564416                                 {product} {ergonomic}
   size_t MinHeapDeltaBytes                        = 524288                                    {product} {ergonomic}
   size_t MinHeapSize                              = 104857600                                 {product} {command line}
   size_t NewSize                                  = 34603008                                  {product} {ergonomic}
    uintx NonNMethodCodeHeapSize                   = 5839372                                {pd product} {ergonomic}
    uintx NonProfiledCodeHeapSize                  = 122909434                              {pd product} {ergonomic}
   size_t OldSize                                  = 70254592                                  {product} {ergonomic}
    uintx ProfiledCodeHeapSize                     = 122909434                              {pd product} {ergonomic}
    uintx ReservedCodeCacheSize                    = 251658240                              {pd product} {ergonomic}
     bool SegmentedCodeCache                       = true                                      {product} {ergonomic}
   size_t SoftMaxHeapSize                          = 1073741824                             {manageable} {ergonomic}
     bool UseCompressedClassPointers               = true                           {product lp64_product} {ergonomic}
     bool UseCompressedOops                        = true                           {product lp64_product} {ergonomic}
     bool UseLargePagesIndividualAllocation        = false                                  {pd product} {ergonomic}
     bool UseParallelGC                            = true                                      {product} {command line}

Logging:
Log output configuration:
 #0: stdout all=off uptime,level,tags
 #1: stderr all=off uptime,level,tags

Environment Variables:
PATH=C:\Python312\Scripts\;C:\Python312\;C:\Program Files\Common Files\Oracle\Java\javapath;C:\Windows\system32;C:\Windows;C:\Windows\System32\Wbem;C:\Windows\System32\WindowsPowerShell\v1.0\;C:\Windows\System32\OpenSSH\;C:\Program Files\dotnet\;C:\python;C:\Program Files\Git\cmd;C:\Users\aaota\OneDrive\Desktop\bin;C:\Program Files\nodejs\;C:\ProgramData\chocolatey\bin;C:\Program Files\Amazon\AWSCLIV2\;C:\Program Files\MySQL\MySQL Shell 8.0\bin\;C:\Users\aaota\AppData\Local\Microsoft\WindowsApps;C:\python;C:\python\Scripts;;C:\java\Microsoft VS Code\bin;C:\Users\aaota\AppData\Local\Microsoft\WinGet\Links;C:\Users\aaota\AppData\Roaming\npm
USERNAME=aaota
OS=Windows_NT
PROCESSOR_IDENTIFIER=Intel64 Family 6 Model 154 Stepping 4, GenuineIntel
TMP=C:\Users\aaota\AppData\Local\Temp
TEMP=C:\Users\aaota\AppData\Local\Temp



Periodic native trim disabled


---------------  S Y S T E M  ---------------

OS:
 Windows 11 , 64 bit Build 22621 (10.0.22621.4391)
OS uptime: 0 days 2:27 hours
Hyper-V role detected

CPU: total 12 (initial active 12) (6 cores per cpu, 2 threads per core) family 6 model 154 stepping 4 microcode 0x435, cx8, cmov, fxsr, ht, mmx, 3dnowpref, sse, sse2, sse3, ssse3, sse4.1, sse4.2, popcnt, lzcnt, tsc, tscinvbit, avx, avx2, aes, erms, clmul, bmi1, bmi2, adx, sha, fma, vzeroupper, clflush, clflushopt, clwb, hv
Processor Information for processor 0
  Max Mhz: 1700, Current Mhz: 1700, Mhz Limit: 1700
Processor Information for processor 1
  Max Mhz: 1700, Current Mhz: 1700, Mhz Limit: 1700
Processor Information for processor 2
  Max Mhz: 1700, Current Mhz: 1700, Mhz Limit: 1700
Processor Information for processor 3
  Max Mhz: 1700, Current Mhz: 1700, Mhz Limit: 1700
Processor Information for processor 4
  Max Mhz: 1700, Current Mhz: 1200, Mhz Limit: 1190
Processor Information for processor 5
  Max Mhz: 1700, Current Mhz: 1200, Mhz Limit: 1190
Processor Information for processor 6
  Max Mhz: 1700, Current Mhz: 1200, Mhz Limit: 1190
Processor Information for processor 7
  Max Mhz: 1700, Current Mhz: 1200, Mhz Limit: 1190
Processor Information for processor 8
  Max Mhz: 1700, Current Mhz: 1200, Mhz Limit: 1190
Processor Information for processor 9
  Max Mhz: 1700, Current Mhz: 1200, Mhz Limit: 1190
Processor Information for processor 10
  Max Mhz: 1700, Current Mhz: 1200, Mhz Limit: 1190
Processor Information for processor 11
  Max Mhz: 1700, Current Mhz: 1200, Mhz Limit: 1190

Memory: 4k page, system-wide physical 16068M (3318M free)
TotalPageFile size 16068M (AvailPageFile size 12M)
current process WorkingSet (physical memory assigned to process): 58M, peak: 59M
current process commit charge ("private bytes"): 203M, peak: 204M

vm_info: OpenJDK 64-Bit Server VM (17.0.13+11) for windows-amd64 JRE (17.0.13+11), built on Oct 16 2024 00:10:08 by "admin" with MS VC++ 17.7 (VS2022)

END.
