#
# There is insufficient memory for the Java Runtime Environment to continue.
# Native memory allocation (malloc) failed to allocate 323504 bytes. Error detail: Chunk::new
# Possible reasons:
#   The system is out of physical RAM or swap space
#   This process is running with CompressedOops enabled, and the Java Heap may be blocking the growth of the native heap
# Possible solutions:
#   Reduce memory load on the system
#   Increase physical memory or swap space
#   Check if swap backing store is full
#   Decrease Java heap size (-Xmx/-Xms)
#   Decrease number of Java threads
#   Decrease Java thread stack sizes (-Xss)
#   Set larger code cache with -XX:ReservedCodeCacheSize=
#   JVM is running with Unscaled Compressed Oops mode in which the Java heap is
#     placed in the first 4GB address space. The Java Heap base address is the
#     maximum limit for the native heap growth. Please use -XX:HeapBaseMinAddress
#     to set the Java Heap base and to place the Java Heap above 4GB virtual address.
# This output file may be truncated or incomplete.
#
#  Out of Memory Error (arena.cpp:191), pid=23884, tid=16776
#
# JRE version: OpenJDK Runtime Environment Temurin-17.0.13+11 (17.0.13+11) (build 17.0.13+11)
# Java VM: OpenJDK 64-Bit Server VM Temurin-17.0.13+11 (17.0.13+11, mixed mode, tiered, compressed oops, compressed class ptrs, parallel gc, windows-amd64)
# No core dump will be written. Minidumps are not enabled by default on client versions of Windows
#

---------------  S U M M A R Y ------------

Command Line: --add-modules=ALL-SYSTEM --add-opens=java.base/java.util=ALL-UNNAMED --add-opens=java.base/java.lang=ALL-UNNAMED --add-opens=java.base/sun.nio.fs=ALL-UNNAMED -Declipse.application=org.eclipse.jdt.ls.core.id1 -Dosgi.bundles.defaultStartLevel=4 -Declipse.product=org.eclipse.jdt.ls.core.product -Djava.import.generatesMetadataFilesAtProjectRoot=false -DDetectVMInstallationsJob.disabled=true -Dfile.encoding=utf8 -XX:+UseParallelGC -XX:GCTimeRatio=4 -XX:AdaptiveSizePolicyWeight=90 -Dsun.zip.disableMemoryMapping=true -Xmx1G -Xms100m -Xlog:disable -javaagent:c:\Users\aaota\.vscode\extensions\redhat.java-1.38.0-win32-x64\lombok\lombok-1.18.34.jar -XX:+HeapDumpOnOutOfMemoryError -XX:HeapDumpPath=c:\Users\aaota\AppData\Roaming\Code\User\workspaceStorage\04a3af300efd385a6f56af7f530eafb8\redhat.java -Daether.dependencyCollector.impl=bf c:\Users\aaota\.vscode\extensions\redhat.java-1.38.0-win32-x64\server\plugins\org.eclipse.equinox.launcher_1.6.900.v20240613-2009.jar -configuration c:\Users\aaota\AppData\Roaming\Code\User\globalStorage\redhat.java\1.38.0\config_win -data c:\Users\aaota\AppData\Roaming\Code\User\workspaceStorage\04a3af300efd385a6f56af7f530eafb8\redhat.java\jdt_ws --pipe=\\.\pipe\lsp-1f32c6d62b6a8d13a0db982c0cc38931-sock

Host: 12th Gen Intel(R) Core(TM) i7-1255U, 12 cores, 15G,  Windows 11 , 64 bit Build 22621 (10.0.22621.4391)
Time: Mon Jan 27 22:44:21 2025 India Standard Time elapsed time: 0.987663 seconds (0d 0h 0m 0s)

---------------  T H R E A D  ---------------

Current thread (0x000001d5ae2d2cf0):  JavaThread "C2 CompilerThread0" daemon [_thread_in_native, id=16776, stack(0x0000003372a00000,0x0000003372b00000)]


Current CompileTask:
C2:    987  615       4       lombok.patcher.scripts.MethodLevelPatchScript::patch (21 bytes)

Stack: [0x0000003372a00000,0x0000003372b00000]
Native frames: (J=compiled Java code, j=interpreted, Vv=VM code, C=native code)
V  [jvm.dll+0x682a19]
V  [jvm.dll+0x839538]
V  [jvm.dll+0x83afe3]
V  [jvm.dll+0x83b653]
V  [jvm.dll+0x24704f]
V  [jvm.dll+0xace34]
V  [jvm.dll+0xad4cc]
V  [jvm.dll+0x36597e]
V  [jvm.dll+0x32fbd8]
V  [jvm.dll+0x32f05a]
V  [jvm.dll+0x21804f]
V  [jvm.dll+0x21748f]
V  [jvm.dll+0x1a3070]
V  [jvm.dll+0x22788c]
V  [jvm.dll+0x2259eb]
V  [jvm.dll+0x7eec98]
V  [jvm.dll+0x7e8ffc]
V  [jvm.dll+0x6818f7]
C  [ucrtbase.dll+0x29333]
C  [KERNEL32.DLL+0x1259d]
C  [ntdll.dll+0x5af38]


---------------  P R O C E S S  ---------------

Threads class SMR info:
_java_thread_list=0x000001d595398830, length=14, elements={
0x000001d59537ec70, 0x000001d5a9205020, 0x000001d59542ac10, 0x000001d5a920dff0,
0x000001d5a920e8c0, 0x000001d5ae2cc590, 0x000001d5ae2cf020, 0x000001d5ae2d2cf0,
0x000001d5ae2da190, 0x000001d5ae2dd8e0, 0x000001d5ae468820, 0x000001d5ae48f230,
0x000001d5ae599470, 0x000001d5afea1010
}

Java Threads: ( => current thread )
  0x000001d59537ec70 JavaThread "main" [_thread_in_Java, id=14324, stack(0x0000003372100000,0x0000003372200000)]
  0x000001d5a9205020 JavaThread "Reference Handler" daemon [_thread_blocked, id=17716, stack(0x0000003372400000,0x0000003372500000)]
  0x000001d59542ac10 JavaThread "Finalizer" daemon [_thread_blocked, id=19588, stack(0x0000003372500000,0x0000003372600000)]
  0x000001d5a920dff0 JavaThread "Signal Dispatcher" daemon [_thread_blocked, id=524, stack(0x0000003372600000,0x0000003372700000)]
  0x000001d5a920e8c0 JavaThread "Attach Listener" daemon [_thread_blocked, id=7156, stack(0x0000003372700000,0x0000003372800000)]
  0x000001d5ae2cc590 JavaThread "Service Thread" daemon [_thread_blocked, id=20104, stack(0x0000003372800000,0x0000003372900000)]
  0x000001d5ae2cf020 JavaThread "Monitor Deflation Thread" daemon [_thread_blocked, id=4300, stack(0x0000003372900000,0x0000003372a00000)]
=>0x000001d5ae2d2cf0 JavaThread "C2 CompilerThread0" daemon [_thread_in_native, id=16776, stack(0x0000003372a00000,0x0000003372b00000)]
  0x000001d5ae2da190 JavaThread "C1 CompilerThread0" daemon [_thread_in_native, id=16340, stack(0x0000003372b00000,0x0000003372c00000)]
  0x000001d5ae2dd8e0 JavaThread "Sweeper thread" daemon [_thread_blocked, id=23608, stack(0x0000003372c00000,0x0000003372d00000)]
  0x000001d5ae468820 JavaThread "Common-Cleaner" daemon [_thread_blocked, id=16244, stack(0x0000003372d00000,0x0000003372e00000)]
  0x000001d5ae48f230 JavaThread "C2 CompilerThread1" daemon [_thread_in_native, id=20020, stack(0x0000003372e00000,0x0000003372f00000)]
  0x000001d5ae599470 JavaThread "Notification Thread" daemon [_thread_blocked, id=9984, stack(0x0000003372f00000,0x0000003373000000)]
  0x000001d5afea1010 JavaThread "C2 CompilerThread2" daemon [_thread_in_native, id=11068, stack(0x0000003373100000,0x0000003373200000)]

Other Threads:
  0x000001d5ae2a3870 VMThread "VM Thread" [stack: 0x0000003372300000,0x0000003372400000] [id=20572]
  0x000001d5ae599950 WatcherThread [stack: 0x0000003373000000,0x0000003373100000] [id=21732]
  0x000001d595393f60 GCTaskThread "GC Thread#0" [stack: 0x0000003372200000,0x0000003372300000] [id=8608]

Threads with active compile tasks:
C2 CompilerThread0     1017  615       4       lombok.patcher.scripts.MethodLevelPatchScript::patch (21 bytes)
C1 CompilerThread0     1018  637       3       java.util.Properties::loadConvert (540 bytes)
C2 CompilerThread1     1018  632       4       lombok.patcher.MethodTarget::typeMatches (14 bytes)
C2 CompilerThread2     1018  616       4       lombok.patcher.PatchScript::classMatches (41 bytes)

VM state: not at safepoint (normal execution)

VM Mutex/Monitor currently owned by a thread: None

Heap address: 0x00000000c0000000, size: 1024 MB, Compressed Oops mode: 32-bit

CDS archive(s) not mapped
Compressed class space mapped at: 0x0000000100000000-0x0000000140000000, reserved size: 1073741824
Narrow klass base: 0x0000000000000000, Narrow klass shift: 3, Narrow klass range: 0x140000000

GC Precious Log:
 CPUs: 12 total, 12 available
 Memory: 16068M
 Large Page Support: Disabled
 NUMA Support: Disabled
 Compressed Oops: Enabled (32-bit)
 Alignments: Space 512K, Generation 512K, Heap 2M
 Heap Min Capacity: 100M
 Heap Initial Capacity: 100M
 Heap Max Capacity: 1G
 Pre-touch: Disabled
 Parallel Workers: 10

Heap:
 PSYoungGen      total 29696K, used 14108K [0x00000000eab00000, 0x00000000ecc00000, 0x0000000100000000)
  eden space 25600K, 55% used [0x00000000eab00000,0x00000000eb8c7260,0x00000000ec400000)
  from space 4096K, 0% used [0x00000000ec800000,0x00000000ec800000,0x00000000ecc00000)
  to   space 4096K, 0% used [0x00000000ec400000,0x00000000ec400000,0x00000000ec800000)
 ParOldGen       total 68608K, used 0K [0x00000000c0000000, 0x00000000c4300000, 0x00000000eab00000)
  object space 68608K, 0% used [0x00000000c0000000,0x00000000c0000000,0x00000000c4300000)
 Metaspace       used 9094K, committed 9216K, reserved 1114112K
  class space    used 900K, committed 960K, reserved 1048576K

Card table byte_map: [0x000001d594d10000,0x000001d594f20000] _byte_map_base: 0x000001d594710000

Marking Bits: (ParMarkBitMap*) 0x00007ffa3cfc6940
 Begin Bits: [0x000001d5a7010000, 0x000001d5a8010000)
 End Bits:   [0x000001d5a8010000, 0x000001d5a9010000)

Polling page: 0x000001d593330000

Metaspace:

Usage:
  Non-class:      8.00 MB used.
      Class:    900.94 KB used.
       Both:      8.88 MB used.

Virtual space:
  Non-class space:       64.00 MB reserved,       8.06 MB ( 13%) committed,  1 nodes.
      Class space:        1.00 GB reserved,     960.00 KB ( <1%) committed,  1 nodes.
             Both:        1.06 GB reserved,       9.00 MB ( <1%) committed. 

Chunk freelists:
   Non-Class:  7.94 MB
       Class:  15.08 MB
        Both:  23.02 MB

MaxMetaspaceSize: unlimited
CompressedClassSpaceSize: 1.00 GB
Initial GC threshold: 21.00 MB
Current GC threshold: 21.00 MB
CDS: off
MetaspaceReclaimPolicy: balanced
 - commit_granule_bytes: 65536.
 - commit_granule_words: 8192.
 - virtual_space_node_default_size: 8388608.
 - enlarge_chunks_in_place: 1.
 - new_chunks_are_fully_committed: 0.
 - uncommit_free_chunks: 1.
 - use_allocation_guard: 0.
 - handle_deallocations: 1.


Internal statistics:

num_allocs_failed_limit: 0.
num_arena_births: 10.
num_arena_deaths: 0.
num_vsnodes_births: 2.
num_vsnodes_deaths: 0.
num_space_committed: 144.
num_space_uncommitted: 0.
num_chunks_returned_to_freelist: 0.
num_chunks_taken_from_freelist: 44.
num_chunk_merges: 0.
num_chunk_splits: 26.
num_chunks_enlarged: 25.
num_inconsistent_stats: 0.

CodeHeap 'non-profiled nmethods': size=120000Kb used=246Kb max_used=246Kb free=119753Kb
 bounds [0x000001d59fae0000, 0x000001d59fd50000, 0x000001d5a7010000]
CodeHeap 'profiled nmethods': size=120000Kb used=941Kb max_used=941Kb free=119058Kb
 bounds [0x000001d598010000, 0x000001d598280000, 0x000001d59f540000]
CodeHeap 'non-nmethods': size=5760Kb used=1134Kb max_used=1153Kb free=4625Kb
 bounds [0x000001d59f540000, 0x000001d59f7b0000, 0x000001d59fae0000]
 total_blobs=1056 nmethods=634 adapters=337
 compilation: enabled
              stopped_count=0, restarted_count=0
 full_count=0

Compilation events (20 events):
Event: 0.957 Thread 0x000001d5ae2da190 nmethod 618 0x000001d5980e9910 code [0x000001d5980e9aa0, 0x000001d5980e9c08]
Event: 0.958 Thread 0x000001d5ae2da190  619       3       java.lang.String::valueOf (15 bytes)
Event: 0.958 Thread 0x000001d5ae2da190 nmethod 619 0x000001d5980e9d10 code [0x000001d5980e9ec0, 0x000001d5980ea0c8]
Event: 0.961 Thread 0x000001d5ae2da190  620       3       java.security.Provider$ServiceKey::<init> (39 bytes)
Event: 0.961 Thread 0x000001d5ae2da190 nmethod 620 0x000001d5980ea190 code [0x000001d5980ea380, 0x000001d5980ea7c8]
Event: 0.961 Thread 0x000001d5ae2da190  621       1       java.security.Provider$UString::toString (5 bytes)
Event: 0.962 Thread 0x000001d5ae2da190 nmethod 621 0x000001d59fb19b90 code [0x000001d59fb19d20, 0x000001d59fb19df8]
Event: 0.962 Thread 0x000001d5ae2da190  622       1       java.security.Provider$Service::getProvider (5 bytes)
Event: 0.962 Thread 0x000001d5ae2da190 nmethod 622 0x000001d59fb19e90 code [0x000001d59fb1a020, 0x000001d59fb1a0f8]
Event: 0.965 Thread 0x000001d5ae2da190  623       3       sun.security.provider.SHA2::implCompress0 (490 bytes)
Event: 0.965 Thread 0x000001d5ae2da190 nmethod 623 0x000001d5980ea990 code [0x000001d5980eab80, 0x000001d5980eb3c8]
Event: 0.966 Thread 0x000001d5ae2da190  624       3       sun.security.provider.ByteArrayAccess::b2iBig64 (231 bytes)
Event: 0.972 Thread 0x000001d5ae2da190 nmethod 624 0x000001d5980eb890 code [0x000001d5980ec360, 0x000001d5980f28b8]
Event: 0.972 Thread 0x000001d5ae2da190  625       3       sun.security.provider.SHA2::implCompress (13 bytes)
Event: 0.972 Thread 0x000001d5afea1010  616       4       lombok.patcher.PatchScript::classMatches (41 bytes)
Event: 0.973 Thread 0x000001d5ae48f230 nmethod 613 0x000001d59fb1a190 code [0x000001d59fb1a340, 0x000001d59fb1a898]
Event: 0.973 Thread 0x000001d5ae2da190 nmethod 625 0x000001d5980f4610 code [0x000001d5980f4800, 0x000001d5980f4c48]
Event: 0.973 Thread 0x000001d5ae2da190  626       3       sun.security.provider.SHA2::implCompressCheck (27 bytes)
Event: 0.973 Thread 0x000001d5ae48f230  617       4       java.util.Collections$UnmodifiableCollection::iterator (9 bytes)
Event: 0.973 Thread 0x000001d5ae2da190 nmethod 626 0x000001d5980f4e10 code [0x000001d5980f4fe0, 0x000001d5980f5378]

GC Heap History (0 events):
No events

Dll operation events (8 events):
Event: 0.091 Loaded shared library c:\Users\aaota\.vscode\extensions\redhat.java-1.38.0-win32-x64\jre\17.0.13-win32-x86_64\bin\java.dll
Event: 0.376 Loaded shared library c:\Users\aaota\.vscode\extensions\redhat.java-1.38.0-win32-x64\jre\17.0.13-win32-x86_64\bin\zip.dll
Event: 0.381 Loaded shared library C:\Users\aaota\.vscode\extensions\redhat.java-1.38.0-win32-x64\jre\17.0.13-win32-x86_64\bin\instrument.dll
Event: 0.401 Loaded shared library C:\Users\aaota\.vscode\extensions\redhat.java-1.38.0-win32-x64\jre\17.0.13-win32-x86_64\bin\net.dll
Event: 0.405 Loaded shared library C:\Users\aaota\.vscode\extensions\redhat.java-1.38.0-win32-x64\jre\17.0.13-win32-x86_64\bin\nio.dll
Event: 0.413 Loaded shared library C:\Users\aaota\.vscode\extensions\redhat.java-1.38.0-win32-x64\jre\17.0.13-win32-x86_64\bin\zip.dll
Event: 0.435 Loaded shared library C:\Users\aaota\.vscode\extensions\redhat.java-1.38.0-win32-x64\jre\17.0.13-win32-x86_64\bin\jimage.dll
Event: 0.537 Loaded shared library c:\Users\aaota\.vscode\extensions\redhat.java-1.38.0-win32-x64\jre\17.0.13-win32-x86_64\bin\verify.dll

Deoptimization events (20 events):
Event: 0.928 Thread 0x000001d59537ec70 DEOPT PACKING pc=0x000001d5980d527a sp=0x00000033721fd820
Event: 0.928 Thread 0x000001d59537ec70 DEOPT UNPACKING pc=0x000001d59f596e43 sp=0x00000033721fcc78 mode 0
Event: 0.928 Thread 0x000001d59537ec70 DEOPT PACKING pc=0x000001d5980d527a sp=0x00000033721fd790
Event: 0.928 Thread 0x000001d59537ec70 DEOPT UNPACKING pc=0x000001d59f596e43 sp=0x00000033721fcbe8 mode 0
Event: 0.928 Thread 0x000001d59537ec70 DEOPT PACKING pc=0x000001d5980d527a sp=0x00000033721fd820
Event: 0.928 Thread 0x000001d59537ec70 DEOPT UNPACKING pc=0x000001d59f596e43 sp=0x00000033721fcc78 mode 0
Event: 0.929 Thread 0x000001d59537ec70 DEOPT PACKING pc=0x000001d5980d527a sp=0x00000033721fd820
Event: 0.929 Thread 0x000001d59537ec70 DEOPT UNPACKING pc=0x000001d59f596e43 sp=0x00000033721fcc78 mode 0
Event: 0.931 Thread 0x000001d59537ec70 DEOPT PACKING pc=0x000001d5980d527a sp=0x00000033721fd810
Event: 0.931 Thread 0x000001d59537ec70 DEOPT UNPACKING pc=0x000001d59f596e43 sp=0x00000033721fcc68 mode 0
Event: 0.931 Thread 0x000001d59537ec70 DEOPT PACKING pc=0x000001d5980d527a sp=0x00000033721fd810
Event: 0.931 Thread 0x000001d59537ec70 DEOPT UNPACKING pc=0x000001d59f596e43 sp=0x00000033721fcc68 mode 0
Event: 0.931 Thread 0x000001d59537ec70 DEOPT PACKING pc=0x000001d5980d527a sp=0x00000033721fd930
Event: 0.931 Thread 0x000001d59537ec70 DEOPT UNPACKING pc=0x000001d59f596e43 sp=0x00000033721fcd88 mode 0
Event: 0.931 Thread 0x000001d59537ec70 DEOPT PACKING pc=0x000001d5980d527a sp=0x00000033721fd930
Event: 0.931 Thread 0x000001d59537ec70 DEOPT UNPACKING pc=0x000001d59f596e43 sp=0x00000033721fcd88 mode 0
Event: 0.943 Thread 0x000001d59537ec70 Uncommon trap: trap_request=0xffffff6e fr.pc=0x000001d59fb1676c relative=0x00000000000001ec
Event: 0.943 Thread 0x000001d59537ec70 Uncommon trap: reason=loop_limit_check action=maybe_recompile pc=0x000001d59fb1676c method=java.math.BigInteger.implMulAdd([I[IIII)I @ 26 c2
Event: 0.943 Thread 0x000001d59537ec70 DEOPT PACKING pc=0x000001d59fb1676c sp=0x00000033721fda00
Event: 0.943 Thread 0x000001d59537ec70 DEOPT UNPACKING pc=0x000001d59f5966a3 sp=0x00000033721fd950 mode 2

Classes loaded (20 events):
Event: 0.952 Loading class java/util/LinkedHashMap$LinkedEntrySet
Event: 0.953 Loading class java/util/LinkedHashMap$LinkedEntrySet done
Event: 0.953 Loading class java/util/LinkedHashMap$LinkedEntryIterator
Event: 0.953 Loading class java/util/LinkedHashMap$LinkedEntryIterator done
Event: 0.954 Loading class java/util/Base64
Event: 0.955 Loading class java/util/Base64 done
Event: 0.955 Loading class java/util/Base64$Decoder
Event: 0.956 Loading class java/util/Base64$Decoder done
Event: 0.956 Loading class java/util/Base64$Encoder
Event: 0.956 Loading class java/util/Base64$Encoder done
Event: 0.957 Loading class java/util/jar/JarVerifier$VerifierStream
Event: 0.957 Loading class java/util/jar/JarVerifier$VerifierStream done
Event: 0.958 Loading class sun/security/util/ManifestEntryVerifier$SunProviderHolder
Event: 0.958 Loading class sun/security/util/ManifestEntryVerifier$SunProviderHolder done
Event: 0.979 Loading class java/lang/NumberFormatException
Event: 0.979 Loading class java/lang/NumberFormatException done
Event: 0.980 Loading class java/lang/SecurityException
Event: 0.981 Loading class java/lang/SecurityException done
Event: 0.982 Loading class java/security/Policy
Event: 0.982 Loading class java/security/Policy done

Classes unloaded (0 events):
No events

Classes redefined (0 events):
No events

Internal exceptions (2 events):
Event: 0.340 Thread 0x000001d59537ec70 Exception <a 'java/lang/NoSuchMethodError'{0x00000000eacb5080}: 'void java.lang.invoke.DirectMethodHandle$Holder.invokeStatic(java.lang.Object, java.lang.Object, java.lang.Object)'> (0x00000000eacb5080) 
thrown [s\src\hotspot\share\interpreter\linkResolver.cpp, line 759]
Event: 0.566 Thread 0x000001d59537ec70 Exception <a 'java/lang/reflect/InvocationTargetException'{0x00000000eafe79b0}> (0x00000000eafe79b0) 
thrown [s\src\hotspot\share\runtime\reflection.cpp, line 1128]

VM Operations (8 events):
Event: 0.348 Executing VM operation: HandshakeAllThreads
Event: 0.348 Executing VM operation: HandshakeAllThreads done
Event: 0.463 Executing VM operation: HandshakeAllThreads
Event: 0.463 Executing VM operation: HandshakeAllThreads done
Event: 0.953 Executing VM operation: HandshakeAllThreads
Event: 0.953 Executing VM operation: HandshakeAllThreads done
Event: 0.982 Executing VM operation: HandshakeAllThreads
Event: 0.982 Executing VM operation: HandshakeAllThreads done

Memory protections (0 events):
No events

Nmethod flushes (0 events):
No events

Events (14 events):
Event: 0.211 Thread 0x000001d59537ec70 Thread added: 0x000001d59537ec70
Event: 0.225 Thread 0x000001d59537ec70 Thread added: 0x000001d5a9205020
Event: 0.226 Thread 0x000001d59537ec70 Thread added: 0x000001d59542ac10
Event: 0.256 Thread 0x000001d59537ec70 Thread added: 0x000001d5a920dff0
Event: 0.256 Thread 0x000001d59537ec70 Thread added: 0x000001d5a920e8c0
Event: 0.256 Thread 0x000001d59537ec70 Thread added: 0x000001d5ae2cc590
Event: 0.256 Thread 0x000001d59537ec70 Thread added: 0x000001d5ae2cf020
Event: 0.256 Thread 0x000001d59537ec70 Thread added: 0x000001d5ae2d2cf0
Event: 0.257 Thread 0x000001d59537ec70 Thread added: 0x000001d5ae2da190
Event: 0.257 Thread 0x000001d59537ec70 Thread added: 0x000001d5ae2dd8e0
Event: 0.328 Thread 0x000001d59537ec70 Thread added: 0x000001d5ae468820
Event: 0.358 Thread 0x000001d5ae2da190 Thread added: 0x000001d5ae48f230
Event: 0.662 Thread 0x000001d59537ec70 Thread added: 0x000001d5ae599470
Event: 0.972 Thread 0x000001d5ae2da190 Thread added: 0x000001d5afea1010


Dynamic libraries:
0x00007ff6b4d30000 - 0x00007ff6b4d3e000 	c:\Users\aaota\.vscode\extensions\redhat.java-1.38.0-win32-x64\jre\17.0.13-win32-x86_64\bin\java.exe
0x00007ffadc330000 - 0x00007ffadc547000 	C:\Windows\SYSTEM32\ntdll.dll
0x00007ffadad00000 - 0x00007ffadadc4000 	C:\Windows\System32\KERNEL32.DLL
0x00007ffad9830000 - 0x00007ffad9bea000 	C:\Windows\System32\KERNELBASE.dll
0x00007ffad9bf0000 - 0x00007ffad9d01000 	C:\Windows\System32\ucrtbase.dll
0x00007ffac0d50000 - 0x00007ffac0d67000 	c:\Users\aaota\.vscode\extensions\redhat.java-1.38.0-win32-x64\jre\17.0.13-win32-x86_64\bin\jli.dll
0x00007ffac0340000 - 0x00007ffac035e000 	c:\Users\aaota\.vscode\extensions\redhat.java-1.38.0-win32-x64\jre\17.0.13-win32-x86_64\bin\VCRUNTIME140.dll
0x00007ffada1f0000 - 0x00007ffada39e000 	C:\Windows\System32\USER32.dll
0x00007ffad95f0000 - 0x00007ffad9616000 	C:\Windows\System32\win32u.dll
0x00007ffaa00b0000 - 0x00007ffaa0342000 	C:\Windows\WinSxS\amd64_microsoft.windows.common-controls_6595b64144ccf1df_6.0.22621.4541_none_2710d1c57384c085\COMCTL32.dll
0x00007ffadaa00000 - 0x00007ffadaa29000 	C:\Windows\System32\GDI32.dll
0x00007ffadc240000 - 0x00007ffadc2e7000 	C:\Windows\System32\msvcrt.dll
0x00007ffad9e10000 - 0x00007ffad9f2b000 	C:\Windows\System32\gdi32full.dll
0x00007ffad9620000 - 0x00007ffad96ba000 	C:\Windows\System32\msvcp_win.dll
0x00007ffadae00000 - 0x00007ffadae31000 	C:\Windows\System32\IMM32.DLL
0x00007ffac0330000 - 0x00007ffac033c000 	c:\Users\aaota\.vscode\extensions\redhat.java-1.38.0-win32-x64\jre\17.0.13-win32-x86_64\bin\vcruntime140_1.dll
0x00007ffac02a0000 - 0x00007ffac032d000 	c:\Users\aaota\.vscode\extensions\redhat.java-1.38.0-win32-x64\jre\17.0.13-win32-x86_64\bin\msvcp140.dll
0x00007ffa3c420000 - 0x00007ffa3d08b000 	c:\Users\aaota\.vscode\extensions\redhat.java-1.38.0-win32-x64\jre\17.0.13-win32-x86_64\bin\server\jvm.dll
0x00007ffadae40000 - 0x00007ffadaef2000 	C:\Windows\System32\ADVAPI32.dll
0x00007ffadbd50000 - 0x00007ffadbdf7000 	C:\Windows\System32\sechost.dll
0x00007ffad9ff0000 - 0x00007ffada018000 	C:\Windows\System32\bcrypt.dll
0x00007ffada0b0000 - 0x00007ffada1c4000 	C:\Windows\System32\RPCRT4.dll
0x00007ffadbb20000 - 0x00007ffadbb91000 	C:\Windows\System32\WS2_32.dll
0x00007ffad9310000 - 0x00007ffad935d000 	C:\Windows\SYSTEM32\POWRPROF.dll
0x00007ffacf360000 - 0x00007ffacf394000 	C:\Windows\SYSTEM32\WINMM.dll
0x00007ffac6900000 - 0x00007ffac690a000 	C:\Windows\SYSTEM32\VERSION.dll
0x00007ffad92f0000 - 0x00007ffad9303000 	C:\Windows\SYSTEM32\UMPDC.dll
0x00007ffad85a0000 - 0x00007ffad85b8000 	C:\Windows\SYSTEM32\kernel.appcore.dll
0x00007ffac0250000 - 0x00007ffac025a000 	c:\Users\aaota\.vscode\extensions\redhat.java-1.38.0-win32-x64\jre\17.0.13-win32-x86_64\bin\jimage.dll
0x00007ffad6ea0000 - 0x00007ffad70d2000 	C:\Windows\SYSTEM32\DBGHELP.DLL
0x00007ffadaf00000 - 0x00007ffadb291000 	C:\Windows\System32\combase.dll
0x00007ffadaa30000 - 0x00007ffadab07000 	C:\Windows\System32\OLEAUT32.dll
0x00007ffac9070000 - 0x00007ffac90a2000 	C:\Windows\SYSTEM32\dbgcore.DLL
0x00007ffad9d10000 - 0x00007ffad9d8b000 	C:\Windows\System32\bcryptPrimitives.dll
0x00007ffac0290000 - 0x00007ffac029e000 	c:\Users\aaota\.vscode\extensions\redhat.java-1.38.0-win32-x64\jre\17.0.13-win32-x86_64\bin\instrument.dll
0x00007ffac0260000 - 0x00007ffac0285000 	c:\Users\aaota\.vscode\extensions\redhat.java-1.38.0-win32-x64\jre\17.0.13-win32-x86_64\bin\java.dll
0x00007ffa91be0000 - 0x00007ffa91bf8000 	c:\Users\aaota\.vscode\extensions\redhat.java-1.38.0-win32-x64\jre\17.0.13-win32-x86_64\bin\zip.dll
0x00007ffadb2a0000 - 0x00007ffadbb19000 	C:\Windows\System32\SHELL32.dll
0x00007ffad74e0000 - 0x00007ffad7de9000 	C:\Windows\SYSTEM32\windows.storage.dll
0x00007ffad73a0000 - 0x00007ffad74df000 	C:\Windows\SYSTEM32\wintypes.dll
0x00007ffada8f0000 - 0x00007ffada9ea000 	C:\Windows\System32\SHCORE.dll
0x00007ffadc070000 - 0x00007ffadc0ce000 	C:\Windows\System32\shlwapi.dll
0x00007ffad9520000 - 0x00007ffad954b000 	C:\Windows\SYSTEM32\profapi.dll
0x00007ffa81270000 - 0x00007ffa81289000 	C:\Users\aaota\.vscode\extensions\redhat.java-1.38.0-win32-x64\jre\17.0.13-win32-x86_64\bin\net.dll
0x00007ffad4eb0000 - 0x00007ffad4fe6000 	C:\Windows\SYSTEM32\WINHTTP.dll
0x00007ffad8a70000 - 0x00007ffad8ad9000 	C:\Windows\system32\mswsock.dll
0x00007ffa80f70000 - 0x00007ffa80f86000 	C:\Users\aaota\.vscode\extensions\redhat.java-1.38.0-win32-x64\jre\17.0.13-win32-x86_64\bin\nio.dll
0x00007ffabd970000 - 0x00007ffabd980000 	c:\Users\aaota\.vscode\extensions\redhat.java-1.38.0-win32-x64\jre\17.0.13-win32-x86_64\bin\verify.dll

dbghelp: loaded successfully - version: 4.0.5 - missing functions: none
symbol engine: initialized successfully - sym options: 0x614 - pdb path: .;c:\Users\aaota\.vscode\extensions\redhat.java-1.38.0-win32-x64\jre\17.0.13-win32-x86_64\bin;C:\Windows\SYSTEM32;C:\Windows\WinSxS\amd64_microsoft.windows.common-controls_6595b64144ccf1df_6.0.22621.4541_none_2710d1c57384c085;c:\Users\aaota\.vscode\extensions\redhat.java-1.38.0-win32-x64\jre\17.0.13-win32-x86_64\bin\server

VM Arguments:
jvm_args: --add-modules=ALL-SYSTEM --add-opens=java.base/java.util=ALL-UNNAMED --add-opens=java.base/java.lang=ALL-UNNAMED --add-opens=java.base/sun.nio.fs=ALL-UNNAMED -Declipse.application=org.eclipse.jdt.ls.core.id1 -Dosgi.bundles.defaultStartLevel=4 -Declipse.product=org.eclipse.jdt.ls.core.product -Djava.import.generatesMetadataFilesAtProjectRoot=false -DDetectVMInstallationsJob.disabled=true -Dfile.encoding=utf8 -XX:+UseParallelGC -XX:GCTimeRatio=4 -XX:AdaptiveSizePolicyWeight=90 -Dsun.zip.disableMemoryMapping=true -Xmx1G -Xms100m -Xlog:disable -javaagent:c:\Users\aaota\.vscode\extensions\redhat.java-1.38.0-win32-x64\lombok\lombok-1.18.34.jar -XX:+HeapDumpOnOutOfMemoryError -XX:HeapDumpPath=c:\Users\aaota\AppData\Roaming\Code\User\workspaceStorage\04a3af300efd385a6f56af7f530eafb8\redhat.java -Daether.dependencyCollector.impl=bf 
java_command: c:\Users\aaota\.vscode\extensions\redhat.java-1.38.0-win32-x64\server\plugins\org.eclipse.equinox.launcher_1.6.900.v20240613-2009.jar -configuration c:\Users\aaota\AppData\Roaming\Code\User\globalStorage\redhat.java\1.38.0\config_win -data c:\Users\aaota\AppData\Roaming\Code\User\workspaceStorage\04a3af300efd385a6f56af7f530eafb8\redhat.java\jdt_ws --pipe=\\.\pipe\lsp-1f32c6d62b6a8d13a0db982c0cc38931-sock
java_class_path (initial): c:\Users\aaota\.vscode\extensions\redhat.java-1.38.0-win32-x64\server\plugins\org.eclipse.equinox.launcher_1.6.900.v20240613-2009.jar
Launcher Type: SUN_STANDARD

[Global flags]
    uintx AdaptiveSizePolicyWeight                 = 90                                        {product} {command line}
     intx CICompilerCount                          = 4                                         {product} {ergonomic}
    uintx GCTimeRatio                              = 4                                         {product} {command line}
     bool HeapDumpOnOutOfMemoryError               = true                                   {manageable} {command line}
    ccstr HeapDumpPath                             = c:\Users\aaota\AppData\Roaming\Code\User\workspaceStorage\04a3af300efd385a6f56af7f530eafb8\redhat.java         {manageable} {command line}
   size_t InitialHeapSize                          = 104857600                                 {product} {command line}
   size_t MaxHeapSize                              = 1073741824                                {product} {command line}
   size_t MaxNewSize                               = 357564416                                 {product} {ergonomic}
   size_t MinHeapDeltaBytes                        = 524288                                    {product} {ergonomic}
   size_t MinHeapSize                              = 104857600                                 {product} {command line}
   size_t NewSize                                  = 34603008                                  {product} {ergonomic}
    uintx NonNMethodCodeHeapSize                   = 5839372                                {pd product} {ergonomic}
    uintx NonProfiledCodeHeapSize                  = 122909434                              {pd product} {ergonomic}
   size_t OldSize                                  = 70254592                                  {product} {ergonomic}
    uintx ProfiledCodeHeapSize                     = 122909434                              {pd product} {ergonomic}
    uintx ReservedCodeCacheSize                    = 251658240                              {pd product} {ergonomic}
     bool SegmentedCodeCache                       = true                                      {product} {ergonomic}
   size_t SoftMaxHeapSize                          = 1073741824                             {manageable} {ergonomic}
     bool UseCompressedClassPointers               = true                           {product lp64_product} {ergonomic}
     bool UseCompressedOops                        = true                           {product lp64_product} {ergonomic}
     bool UseLargePagesIndividualAllocation        = false                                  {pd product} {ergonomic}
     bool UseParallelGC                            = true                                      {product} {command line}

Logging:
Log output configuration:
 #0: stdout all=off uptime,level,tags
 #1: stderr all=off uptime,level,tags

Environment Variables:
PATH=C:\Python312\Scripts\;C:\Python312\;C:\Program Files\Common Files\Oracle\Java\javapath;C:\Windows\system32;C:\Windows;C:\Windows\System32\Wbem;C:\Windows\System32\WindowsPowerShell\v1.0\;C:\Windows\System32\OpenSSH\;C:\Program Files\dotnet\;C:\python;C:\Program Files\Git\cmd;C:\Users\aaota\OneDrive\Desktop\bin;C:\Program Files\nodejs\;C:\ProgramData\chocolatey\bin;C:\Program Files\Amazon\AWSCLIV2\;C:\Program Files\MySQL\MySQL Shell 8.0\bin\;C:\Users\aaota\AppData\Local\Microsoft\WindowsApps;C:\python;C:\python\Scripts;;C:\java\Microsoft VS Code\bin;C:\Users\aaota\AppData\Local\Microsoft\WinGet\Links;C:\Users\aaota\AppData\Roaming\npm
USERNAME=aaota
OS=Windows_NT
PROCESSOR_IDENTIFIER=Intel64 Family 6 Model 154 Stepping 4, GenuineIntel
TMP=C:\Users\aaota\AppData\Local\Temp
TEMP=C:\Users\aaota\AppData\Local\Temp



Periodic native trim disabled


---------------  S Y S T E M  ---------------

OS:
 Windows 11 , 64 bit Build 22621 (10.0.22621.4391)
OS uptime: 0 days 2:27 hours
Hyper-V role detected

CPU: total 12 (initial active 12) (6 cores per cpu, 2 threads per core) family 6 model 154 stepping 4 microcode 0x435, cx8, cmov, fxsr, ht, mmx, 3dnowpref, sse, sse2, sse3, ssse3, sse4.1, sse4.2, popcnt, lzcnt, tsc, tscinvbit, avx, avx2, aes, erms, clmul, bmi1, bmi2, adx, sha, fma, vzeroupper, clflush, clflushopt, clwb, hv
Processor Information for processor 0
  Max Mhz: 1700, Current Mhz: 1700, Mhz Limit: 1700
Processor Information for processor 1
  Max Mhz: 1700, Current Mhz: 1700, Mhz Limit: 1700
Processor Information for processor 2
  Max Mhz: 1700, Current Mhz: 1700, Mhz Limit: 1700
Processor Information for processor 3
  Max Mhz: 1700, Current Mhz: 1700, Mhz Limit: 1700
Processor Information for processor 4
  Max Mhz: 1700, Current Mhz: 1200, Mhz Limit: 1190
Processor Information for processor 5
  Max Mhz: 1700, Current Mhz: 1200, Mhz Limit: 1190
Processor Information for processor 6
  Max Mhz: 1700, Current Mhz: 1200, Mhz Limit: 1190
Processor Information for processor 7
  Max Mhz: 1700, Current Mhz: 1200, Mhz Limit: 1190
Processor Information for processor 8
  Max Mhz: 1700, Current Mhz: 1200, Mhz Limit: 1190
Processor Information for processor 9
  Max Mhz: 1700, Current Mhz: 1200, Mhz Limit: 1190
Processor Information for processor 10
  Max Mhz: 1700, Current Mhz: 1200, Mhz Limit: 1190
Processor Information for processor 11
  Max Mhz: 1700, Current Mhz: 1200, Mhz Limit: 1190

Memory: 4k page, system-wide physical 16068M (3319M free)
TotalPageFile size 16068M (AvailPageFile size 11M)
current process WorkingSet (physical memory assigned to process): 58M, peak: 58M
current process commit charge ("private bytes"): 203M, peak: 203M

vm_info: OpenJDK 64-Bit Server VM (17.0.13+11) for windows-amd64 JRE (17.0.13+11), built on Oct 16 2024 00:10:08 by "admin" with MS VC++ 17.7 (VS2022)

END.
