#
# There is insufficient memory for the Java Runtime Environment to continue.
# Native memory allocation (malloc) failed to allocate 65552 bytes. Error detail: Chunk::new
# Possible reasons:
#   The system is out of physical RAM or swap space
#   This process is running with CompressedOops enabled, and the Java Heap may be blocking the growth of the native heap
# Possible solutions:
#   Reduce memory load on the system
#   Increase physical memory or swap space
#   Check if swap backing store is full
#   Decrease Java heap size (-Xmx/-Xms)
#   Decrease number of Java threads
#   Decrease Java thread stack sizes (-Xss)
#   Set larger code cache with -XX:ReservedCodeCacheSize=
#   JVM is running with Unscaled Compressed Oops mode in which the Java heap is
#     placed in the first 4GB address space. The Java Heap base address is the
#     maximum limit for the native heap growth. Please use -XX:HeapBaseMinAddress
#     to set the Java Heap base and to place the Java Heap above 4GB virtual address.
# This output file may be truncated or incomplete.
#
#  Out of Memory Error (arena.cpp:191), pid=12704, tid=14744
#
# JRE version: OpenJDK Runtime Environment Temurin-17.0.13+11 (17.0.13+11) (build 17.0.13+11)
# Java VM: OpenJDK 64-Bit Server VM Temurin-17.0.13+11 (17.0.13+11, mixed mode, tiered, compressed oops, compressed class ptrs, parallel gc, windows-amd64)
# No core dump will be written. Minidumps are not enabled by default on client versions of Windows
#

---------------  S U M M A R Y ------------

Command Line: --add-modules=ALL-SYSTEM --add-opens=java.base/java.util=ALL-UNNAMED --add-opens=java.base/java.lang=ALL-UNNAMED --add-opens=java.base/sun.nio.fs=ALL-UNNAMED -Declipse.application=org.eclipse.jdt.ls.core.id1 -Dosgi.bundles.defaultStartLevel=4 -Declipse.product=org.eclipse.jdt.ls.core.product -Djava.import.generatesMetadataFilesAtProjectRoot=false -DDetectVMInstallationsJob.disabled=true -Dfile.encoding=utf8 -XX:+UseParallelGC -XX:GCTimeRatio=4 -XX:AdaptiveSizePolicyWeight=90 -Dsun.zip.disableMemoryMapping=true -Xmx1G -Xms100m -Xlog:disable -javaagent:c:\Users\aaota\.vscode\extensions\redhat.java-1.38.0-win32-x64\lombok\lombok-1.18.34.jar -XX:+HeapDumpOnOutOfMemoryError -XX:HeapDumpPath=c:\Users\aaota\AppData\Roaming\Code\User\workspaceStorage\04a3af300efd385a6f56af7f530eafb8\redhat.java -Daether.dependencyCollector.impl=bf c:\Users\aaota\.vscode\extensions\redhat.java-1.38.0-win32-x64\server\plugins\org.eclipse.equinox.launcher_1.6.900.v20240613-2009.jar -configuration c:\Users\aaota\AppData\Roaming\Code\User\globalStorage\redhat.java\1.38.0\config_win -data c:\Users\aaota\AppData\Roaming\Code\User\workspaceStorage\04a3af300efd385a6f56af7f530eafb8\redhat.java\jdt_ws --pipe=\\.\pipe\lsp-febb238599656d02b691806f5072ad1f-sock

Host: 12th Gen Intel(R) Core(TM) i7-1255U, 12 cores, 15G,  Windows 11 , 64 bit Build 22621 (10.0.22621.4391)
Time: Mon Jan 27 22:48:31 2025 India Standard Time elapsed time: 12.197734 seconds (0d 0h 0m 12s)

---------------  T H R E A D  ---------------

Current thread (0x000002228229eac0):  JavaThread "C2 CompilerThread1" daemon [_thread_in_native, id=14744, stack(0x000000ac72300000,0x000000ac72400000)]


Current CompileTask:
C2:  12197 9445   !   4       org.codehaus.plexus.interpolation.StringSearchInterpolator::interpolate (668 bytes)

Stack: [0x000000ac72300000,0x000000ac72400000]
Native frames: (J=compiled Java code, j=interpreted, Vv=VM code, C=native code)
V  [jvm.dll+0x682a19]
V  [jvm.dll+0x839538]
V  [jvm.dll+0x83afe3]
V  [jvm.dll+0x83b653]
V  [jvm.dll+0x24704f]
V  [jvm.dll+0xace34]
V  [jvm.dll+0xad4cc]
V  [jvm.dll+0xacf44]
V  [jvm.dll+0x66043c]
V  [jvm.dll+0x5783f1]
V  [jvm.dll+0x577c56]
V  [jvm.dll+0x5772ae]
V  [jvm.dll+0x5772c1]
V  [jvm.dll+0x5772c1]
V  [jvm.dll+0x5772c1]
V  [jvm.dll+0x5772c1]
V  [jvm.dll+0x5772c1]
V  [jvm.dll+0x5772c1]
V  [jvm.dll+0x577275]
V  [jvm.dll+0x5892bc]
V  [jvm.dll+0x220ea2]
V  [jvm.dll+0x219cd2]
V  [jvm.dll+0x21738b]
V  [jvm.dll+0x1a3070]
V  [jvm.dll+0x22788c]
V  [jvm.dll+0x2259eb]
V  [jvm.dll+0x7eec98]
V  [jvm.dll+0x7e8ffc]
V  [jvm.dll+0x6818f7]
C  [ucrtbase.dll+0x29333]
C  [KERNEL32.DLL+0x1259d]
C  [ntdll.dll+0x5af38]


---------------  P R O C E S S  ---------------

Threads class SMR info:
_java_thread_list=0x000002228565ea40, length=61, elements={
0x00000222e7050220, 0x00000222faed5020, 0x00000222e70fc6c0, 0x00000222800b5510,
0x00000222800b5de0, 0x00000222800b66b0, 0x00000222800b7630, 0x00000222800d9b90,
0x00000222800e1170, 0x00000222800e5a90, 0x00000222802024c0, 0x00000222803b7040,
0x0000022282108020, 0x0000022281fb0d10, 0x0000022281e09bb0, 0x0000022281e0a460,
0x0000022281f08f00, 0x000002228231c470, 0x000002228231d8b0, 0x000002228231fc20,
0x000002228231ecf0, 0x000002228231ddc0, 0x000002228231ce90, 0x000002228229eac0,
0x0000022282cecc00, 0x000002228231e2d0, 0x000002228231c980, 0x000002228231e7e0,
0x000002228231f200, 0x00000222842c81b0, 0x00000222842c5420, 0x00000222842c7280,
0x00000222842c90e0, 0x00000222842c3fe0, 0x00000222842c9b00, 0x00000222842c44f0,
0x00000222842c5930, 0x00000222842c95f0, 0x00000222842c4a00, 0x00000222842c5e40,
0x00000222842c4f10, 0x00000222842c6860, 0x00000222842c6d70, 0x00000222842c2ba0,
0x00000222842ca520, 0x00000222842c7790, 0x00000222842c7ca0, 0x00000222842c86c0,
0x00000222842c30b0, 0x00000222842c35c0, 0x00000222842c3ad0, 0x000002228231f710,
0x00000222826770c0, 0x00000222826724d0, 0x0000022282674840, 0x0000022282676190,
0x00000222826729e0, 0x0000022282670b80, 0x0000022282675260, 0x0000022282678500,
0x00000222826775d0
}

Java Threads: ( => current thread )
  0x00000222e7050220 JavaThread "main" [_thread_blocked, id=18548, stack(0x000000ac6ff00000,0x000000ac70000000)]
  0x00000222faed5020 JavaThread "Reference Handler" daemon [_thread_blocked, id=876, stack(0x000000ac70200000,0x000000ac70300000)]
  0x00000222e70fc6c0 JavaThread "Finalizer" daemon [_thread_blocked, id=24636, stack(0x000000ac70300000,0x000000ac70400000)]
  0x00000222800b5510 JavaThread "Signal Dispatcher" daemon [_thread_blocked, id=25348, stack(0x000000ac70400000,0x000000ac70500000)]
  0x00000222800b5de0 JavaThread "Attach Listener" daemon [_thread_blocked, id=20492, stack(0x000000ac70500000,0x000000ac70600000)]
  0x00000222800b66b0 JavaThread "Service Thread" daemon [_thread_blocked, id=20064, stack(0x000000ac70600000,0x000000ac70700000)]
  0x00000222800b7630 JavaThread "Monitor Deflation Thread" daemon [_thread_blocked, id=20932, stack(0x000000ac70700000,0x000000ac70800000)]
  0x00000222800d9b90 JavaThread "C2 CompilerThread0" daemon [_thread_in_native, id=5544, stack(0x000000ac70800000,0x000000ac70900000)]
  0x00000222800e1170 JavaThread "C1 CompilerThread0" daemon [_thread_blocked, id=18600, stack(0x000000ac70900000,0x000000ac70a00000)]
  0x00000222800e5a90 JavaThread "Sweeper thread" daemon [_thread_blocked, id=9436, stack(0x000000ac70a00000,0x000000ac70b00000)]
  0x00000222802024c0 JavaThread "Common-Cleaner" daemon [_thread_blocked, id=10356, stack(0x000000ac70b00000,0x000000ac70c00000)]
  0x00000222803b7040 JavaThread "Notification Thread" daemon [_thread_blocked, id=20376, stack(0x000000ac70d00000,0x000000ac70e00000)]
  0x0000022282108020 JavaThread "Active Thread: Equinox Container: 5b08e604-d351-4c64-9be5-53938a6e9b21" [_thread_blocked, id=25192, stack(0x000000ac71600000,0x000000ac71700000)]
  0x0000022281fb0d10 JavaThread "Refresh Thread: Equinox Container: 5b08e604-d351-4c64-9be5-53938a6e9b21" daemon [_thread_blocked, id=19720, stack(0x000000ac71700000,0x000000ac71800000)]
  0x0000022281e09bb0 JavaThread "Framework Event Dispatcher: Equinox Container: 5b08e604-d351-4c64-9be5-53938a6e9b21" daemon [_thread_blocked, id=21500, stack(0x000000ac71800000,0x000000ac71900000)]
  0x0000022281e0a460 JavaThread "Start Level: Equinox Container: 5b08e604-d351-4c64-9be5-53938a6e9b21" daemon [_thread_blocked, id=22576, stack(0x000000ac71900000,0x000000ac71a00000)]
  0x0000022281f08f00 JavaThread "Bundle File Closer" daemon [_thread_blocked, id=8252, stack(0x000000ac71b00000,0x000000ac71c00000)]
  0x000002228231c470 JavaThread "SCR Component Actor" daemon [_thread_blocked, id=24980, stack(0x000000ac71e00000,0x000000ac71f00000)]
  0x000002228231d8b0 JavaThread "Worker-JM" [_thread_blocked, id=18332, stack(0x000000ac72000000,0x000000ac72100000)]
  0x000002228231fc20 JavaThread "JNA Cleaner" daemon [_thread_blocked, id=7116, stack(0x000000ac71400000,0x000000ac71500000)]
  0x000002228231ecf0 JavaThread "Worker-0" [_thread_blocked, id=25268, stack(0x000000ac71500000,0x000000ac71600000)]
  0x000002228231ddc0 JavaThread "Worker-1" [_thread_blocked, id=24036, stack(0x000000ac72100000,0x000000ac72200000)]
  0x000002228231ce90 JavaThread "Worker-2: Building" [_thread_in_vm, id=24060, stack(0x000000ac72200000,0x000000ac72300000)]
=>0x000002228229eac0 JavaThread "C2 CompilerThread1" daemon [_thread_in_native, id=14744, stack(0x000000ac72300000,0x000000ac72400000)]
  0x0000022282cecc00 JavaThread "C2 CompilerThread2" daemon [_thread_in_native, id=4544, stack(0x000000ac72400000,0x000000ac72500000)]
  0x000002228231e2d0 JavaThread "Java indexing" daemon [_thread_in_native, id=22052, stack(0x000000ac72500000,0x000000ac72600000)]
  0x000002228231c980 JavaThread "Worker-3" [_thread_blocked, id=1424, stack(0x000000ac72600000,0x000000ac72700000)]
  0x000002228231e7e0 JavaThread "Thread-2" daemon [_thread_in_native, id=19352, stack(0x000000ac72700000,0x000000ac72800000)]
  0x000002228231f200 JavaThread "Thread-3" daemon [_thread_in_native, id=16228, stack(0x000000ac72800000,0x000000ac72900000)]
  0x00000222842c81b0 JavaThread "Thread-4" daemon [_thread_in_native, id=16240, stack(0x000000ac72900000,0x000000ac72a00000)]
  0x00000222842c5420 JavaThread "Thread-5" daemon [_thread_in_native, id=21704, stack(0x000000ac72a00000,0x000000ac72b00000)]
  0x00000222842c7280 JavaThread "Thread-6" daemon [_thread_in_native, id=17048, stack(0x000000ac72b00000,0x000000ac72c00000)]
  0x00000222842c90e0 JavaThread "Thread-7" daemon [_thread_in_native, id=16496, stack(0x000000ac72c00000,0x000000ac72d00000)]
  0x00000222842c3fe0 JavaThread "Thread-8" daemon [_thread_in_native, id=11068, stack(0x000000ac72d00000,0x000000ac72e00000)]
  0x00000222842c9b00 JavaThread "Thread-9" daemon [_thread_in_native, id=4844, stack(0x000000ac72e00000,0x000000ac72f00000)]
  0x00000222842c44f0 JavaThread "Thread-10" daemon [_thread_in_native, id=14636, stack(0x000000ac72f00000,0x000000ac73000000)]
  0x00000222842c5930 JavaThread "Thread-11" daemon [_thread_in_native, id=23928, stack(0x000000ac73000000,0x000000ac73100000)]
  0x00000222842c95f0 JavaThread "Thread-12" daemon [_thread_in_native, id=12180, stack(0x000000ac73100000,0x000000ac73200000)]
  0x00000222842c4a00 JavaThread "Thread-13" daemon [_thread_in_native, id=6408, stack(0x000000ac73200000,0x000000ac73300000)]
  0x00000222842c5e40 JavaThread "Thread-14" daemon [_thread_in_native, id=24580, stack(0x000000ac73300000,0x000000ac73400000)]
  0x00000222842c4f10 JavaThread "pool-2-thread-1" [_thread_blocked, id=11204, stack(0x000000ac73400000,0x000000ac73500000)]
  0x00000222842c6860 JavaThread "Worker-4" [_thread_blocked, id=17024, stack(0x000000ac73500000,0x000000ac73600000)]
  0x00000222842c6d70 JavaThread "WorkspaceEventsHandler" [_thread_blocked, id=20576, stack(0x000000ac73600000,0x000000ac73700000)]
  0x00000222842c2ba0 JavaThread "pool-1-thread-1" [_thread_blocked, id=1584, stack(0x000000ac73700000,0x000000ac73800000)]
  0x00000222842ca520 JavaThread "Worker-5: Java indexing... " [_thread_blocked, id=20852, stack(0x000000ac73800000,0x000000ac73900000)]
  0x00000222842c7790 JavaThread "Worker-6" [_thread_blocked, id=15040, stack(0x000000ac73900000,0x000000ac73a00000)]
  0x00000222842c7ca0 JavaThread "Worker-7" [_thread_blocked, id=6196, stack(0x000000ac73a00000,0x000000ac73b00000)]
  0x00000222842c86c0 JavaThread "Worker-8" [_thread_blocked, id=23728, stack(0x000000ac73b00000,0x000000ac73c00000)]
  0x00000222842c30b0 JavaThread "LocalFile Deleter" daemon [_thread_blocked, id=2492, stack(0x000000ac73c00000,0x000000ac73d00000)]
  0x00000222842c35c0 JavaThread "LocalFile Deleter" daemon [_thread_blocked, id=10464, stack(0x000000ac73d00000,0x000000ac73e00000)]
  0x00000222842c3ad0 JavaThread "LocalFile Deleter" daemon [_thread_blocked, id=1392, stack(0x000000ac73e00000,0x000000ac73f00000)]
  0x000002228231f710 JavaThread "LocalFile Deleter" daemon [_thread_blocked, id=23416, stack(0x000000ac73f00000,0x000000ac74000000)]
  0x00000222826770c0 JavaThread "LocalFile Deleter" daemon [_thread_blocked, id=19992, stack(0x000000ac74000000,0x000000ac74100000)]
  0x00000222826724d0 JavaThread "LocalFile Deleter" daemon [_thread_blocked, id=24904, stack(0x000000ac74100000,0x000000ac74200000)]
  0x0000022282674840 JavaThread "Compiler Source File Reader" daemon [_thread_blocked, id=20336, stack(0x000000ac74200000,0x000000ac74300000)]
  0x0000022282676190 JavaThread "Compiler Source File Reader" daemon [_thread_blocked, id=22788, stack(0x000000ac74300000,0x000000ac74400000)]
  0x00000222826729e0 JavaThread "Compiler Processing Task" daemon [_thread_blocked, id=9980, stack(0x000000ac74400000,0x000000ac74500000)]
  0x0000022282670b80 JavaThread "Compiler Class File Writer" daemon [_thread_blocked, id=25580, stack(0x000000ac74500000,0x000000ac74600000)]
  0x0000022282675260 JavaThread "Compiler Class File Writer" daemon [_thread_blocked, id=23532, stack(0x000000ac74600000,0x000000ac74700000)]
  0x0000022282678500 JavaThread "Compiler Source File Reader" daemon [_thread_blocked, id=17272, stack(0x000000ac74700000,0x000000ac74800000)]
  0x00000222826775d0 JavaThread "Compiler Class File Writer" daemon [_thread_blocked, id=12080, stack(0x000000ac74800000,0x000000ac74900000)]

Other Threads:
  0x00000222e70d6b50 VMThread "VM Thread" [stack: 0x000000ac70100000,0x000000ac70200000] [id=4320]
  0x00000222803b7520 WatcherThread [stack: 0x000000ac70e00000,0x000000ac70f00000] [id=22616]
  0x00000222e70650a0 GCTaskThread "GC Thread#0" [stack: 0x000000ac70000000,0x000000ac70100000] [id=11752]
  0x00000222818eb930 GCTaskThread "GC Thread#1" [stack: 0x000000ac70c00000,0x000000ac70d00000] [id=3376]
  0x00000222818ebbf0 GCTaskThread "GC Thread#2" [stack: 0x000000ac70f00000,0x000000ac71000000] [id=7892]
  0x00000222818eb670 GCTaskThread "GC Thread#3" [stack: 0x000000ac71000000,0x000000ac71100000] [id=4364]
  0x00000222818ec9b0 GCTaskThread "GC Thread#4" [stack: 0x000000ac71100000,0x000000ac71200000] [id=9944]
  0x00000222818eb3b0 GCTaskThread "GC Thread#5" [stack: 0x000000ac71200000,0x000000ac71300000] [id=14644]
  0x00000222818ebeb0 GCTaskThread "GC Thread#6" [stack: 0x000000ac71300000,0x000000ac71400000] [id=18388]
  0x00000222818ec430 GCTaskThread "GC Thread#7" [stack: 0x000000ac71a00000,0x000000ac71b00000] [id=16116]
  0x00000222818ec6f0 GCTaskThread "GC Thread#8" [stack: 0x000000ac71c00000,0x000000ac71d00000] [id=22220]
  0x00000222818ecc70 GCTaskThread "GC Thread#9" [stack: 0x000000ac71d00000,0x000000ac71e00000] [id=18564]

Threads with active compile tasks:
C2 CompilerThread0    12222 9476       4       java.util.HashMap$EntrySet::iterator (12 bytes)
C2 CompilerThread1    12223 9445   !   4       org.codehaus.plexus.interpolation.StringSearchInterpolator::interpolate (668 bytes)

VM state: not at safepoint (normal execution)

VM Mutex/Monitor currently owned by a thread: None

Heap address: 0x00000000c0000000, size: 1024 MB, Compressed Oops mode: 32-bit

CDS archive(s) not mapped
Compressed class space mapped at: 0x0000000100000000-0x0000000140000000, reserved size: 1073741824
Narrow klass base: 0x0000000000000000, Narrow klass shift: 3, Narrow klass range: 0x140000000

GC Precious Log:
 CPUs: 12 total, 12 available
 Memory: 16068M
 Large Page Support: Disabled
 NUMA Support: Disabled
 Compressed Oops: Enabled (32-bit)
 Alignments: Space 512K, Generation 512K, Heap 2M
 Heap Min Capacity: 100M
 Heap Initial Capacity: 100M
 Heap Max Capacity: 1G
 Pre-touch: Disabled
 Parallel Workers: 10

Heap:
 PSYoungGen      total 9216K, used 7254K [0x00000000eab00000, 0x00000000eb700000, 0x0000000100000000)
  eden space 7680K, 74% used [0x00000000eab00000,0x00000000eb0992f0,0x00000000eb280000)
  from space 1536K, 99% used [0x00000000eb480000,0x00000000eb5fc5a8,0x00000000eb600000)
  to   space 2048K, 0% used [0x00000000eb280000,0x00000000eb280000,0x00000000eb480000)
 ParOldGen       total 190464K, used 168546K [0x00000000c0000000, 0x00000000cba00000, 0x00000000eab00000)
  object space 190464K, 88% used [0x00000000c0000000,0x00000000ca498a38,0x00000000cba00000)
 Metaspace       used 63500K, committed 64768K, reserved 1114112K
  class space    used 6754K, committed 7296K, reserved 1048576K

Card table byte_map: [0x00000222e69e0000,0x00000222e6bf0000] _byte_map_base: 0x00000222e63e0000

Marking Bits: (ParMarkBitMap*) 0x00007ffa4e846940
 Begin Bits: [0x00000222f8ce0000, 0x00000222f9ce0000)
 End Bits:   [0x00000222f9ce0000, 0x00000222face0000)

Polling page: 0x00000222e4fd0000

Metaspace:

Usage:
  Non-class:     55.42 MB used.
      Class:      6.60 MB used.
       Both:     62.01 MB used.

Virtual space:
  Non-class space:       64.00 MB reserved,      56.12 MB ( 88%) committed,  1 nodes.
      Class space:        1.00 GB reserved,       7.12 MB ( <1%) committed,  1 nodes.
             Both:        1.06 GB reserved,      63.25 MB (  6%) committed. 

Chunk freelists:
   Non-Class:  7.59 MB
       Class:  8.92 MB
        Both:  16.51 MB

MaxMetaspaceSize: unlimited
CompressedClassSpaceSize: 1.00 GB
Initial GC threshold: 21.00 MB
Current GC threshold: 105.25 MB
CDS: off
MetaspaceReclaimPolicy: balanced
 - commit_granule_bytes: 65536.
 - commit_granule_words: 8192.
 - virtual_space_node_default_size: 8388608.
 - enlarge_chunks_in_place: 1.
 - new_chunks_are_fully_committed: 0.
 - uncommit_free_chunks: 1.
 - use_allocation_guard: 0.
 - handle_deallocations: 1.


Internal statistics:

num_allocs_failed_limit: 8.
num_arena_births: 872.
num_arena_deaths: 30.
num_vsnodes_births: 2.
num_vsnodes_deaths: 0.
num_space_committed: 1012.
num_space_uncommitted: 0.
num_chunks_returned_to_freelist: 45.
num_chunks_taken_from_freelist: 3615.
num_chunk_merges: 22.
num_chunk_splits: 2125.
num_chunks_enlarged: 1073.
num_inconsistent_stats: 0.

CodeHeap 'non-profiled nmethods': size=120000Kb used=4744Kb max_used=4744Kb free=115256Kb
 bounds [0x00000222f17b0000, 0x00000222f1c60000, 0x00000222f8ce0000]
CodeHeap 'profiled nmethods': size=120000Kb used=14218Kb max_used=15423Kb free=105781Kb
 bounds [0x00000222e9ce0000, 0x00000222eabf0000, 0x00000222f1210000]
CodeHeap 'non-nmethods': size=5760Kb used=1353Kb max_used=1451Kb free=4406Kb
 bounds [0x00000222f1210000, 0x00000222f1480000, 0x00000222f17b0000]
 total_blobs=8443 nmethods=7747 adapters=608
 compilation: enabled
              stopped_count=0, restarted_count=0
 full_count=0

Compilation events (20 events):
Event: 12.169 Thread 0x00000222800e1170 9467       3       org.codehaus.plexus.util.xml.pull.MXParser::printable (114 bytes)
Event: 12.170 Thread 0x00000222800e1170 nmethod 9467 0x00000222ea919210 code [0x00000222ea9194e0, 0x00000222ea91a0d8]
Event: 12.170 Thread 0x00000222800e1170 9470       3       org.apache.maven.model.ModelBase::getDependencies (23 bytes)
Event: 12.171 Thread 0x00000222800e1170 nmethod 9470 0x00000222ea746090 code [0x00000222ea746240, 0x00000222ea746598]
Event: 12.171 Thread 0x00000222800e1170 9471       3       org.codehaus.plexus.util.xml.Xpp3Dom::getChildrenAsList (88 bytes)
Event: 12.171 Thread 0x00000222800d9b90 nmethod 9462 0x00000222f1c4c990 code [0x00000222f1c4cb40, 0x00000222f1c4cf68]
Event: 12.171 Thread 0x00000222800d9b90 9461       4       sun.nio.ch.FileKey::hashCode (42 bytes)
Event: 12.172 Thread 0x00000222800e1170 nmethod 9471 0x00000222eaa5ec90 code [0x00000222eaa5ef20, 0x00000222eaa5fc48]
Event: 12.172 Thread 0x00000222800e1170 9469       3       org.apache.maven.model.Organization::setLocation (156 bytes)
Event: 12.172 Thread 0x00000222800d9b90 nmethod 9461 0x00000222f1c4d310 code [0x00000222f1c4d480, 0x00000222f1c4d538]
Event: 12.172 Thread 0x00000222800d9b90 9468       4       java.lang.Character::isBmpCodePoint (13 bytes)
Event: 12.172 Thread 0x00000222800d9b90 nmethod 9468 0x00000222f1c4d610 code [0x00000222f1c4d780, 0x00000222f1c4d7f8]
Event: 12.172 Thread 0x00000222800e1170 nmethod 9469 0x00000222ea051990 code [0x00000222ea051c40, 0x00000222ea052b78]
Event: 12.172 Thread 0x00000222800e1170 9464       3       org.apache.maven.model.merge.ModelMerger::mergeBuildBase_FinalName (43 bytes)
Event: 12.173 Thread 0x00000222800e1170 nmethod 9464 0x00000222ea7bcb90 code [0x00000222ea7bcd60, 0x00000222ea7bd278]
Event: 12.173 Thread 0x00000222800e1170 9465       3       org.apache.maven.model.merge.ModelMerger::mergeBuildBase_Directory (43 bytes)
Event: 12.173 Thread 0x00000222800e1170 nmethod 9465 0x00000222eaa0f910 code [0x00000222eaa0fae0, 0x00000222eaa0fff8]
Event: 12.173 Thread 0x00000222800e1170 9466       3       org.apache.maven.model.merge.ModelMerger::mergePluginConfiguration (19 bytes)
Event: 12.173 Thread 0x00000222800e1170 nmethod 9466 0x00000222ea745990 code [0x00000222ea745b40, 0x00000222ea745df8]
Event: 12.181 Thread 0x0000022282cecc00 nmethod 9460 0x00000222f1c4d910 code [0x00000222f1c4db60, 0x00000222f1c4f670]

GC Heap History (20 events):
Event: 11.771 GC heap before
{Heap before GC invocations=198 (full 7):
 PSYoungGen      total 7680K, used 7387K [0x00000000eab00000, 0x00000000eb500000, 0x0000000100000000)
  eden space 6144K, 100% used [0x00000000eab00000,0x00000000eb100000,0x00000000eb100000)
  from space 1536K, 80% used [0x00000000eb100000,0x00000000eb236c68,0x00000000eb280000)
  to   space 1536K, 0% used [0x00000000eb380000,0x00000000eb380000,0x00000000eb500000)
 ParOldGen       total 164864K, used 161373K [0x00000000c0000000, 0x00000000ca100000, 0x00000000eab00000)
  object space 164864K, 97% used [0x00000000c0000000,0x00000000c9d97520,0x00000000ca100000)
 Metaspace       used 63283K, committed 64448K, reserved 1114112K
  class space    used 6732K, committed 7232K, reserved 1048576K
}
Event: 11.773 GC heap after
{Heap after GC invocations=198 (full 7):
 PSYoungGen      total 8704K, used 1210K [0x00000000eab00000, 0x00000000eb500000, 0x0000000100000000)
  eden space 7168K, 0% used [0x00000000eab00000,0x00000000eab00000,0x00000000eb200000)
  from space 1536K, 78% used [0x00000000eb380000,0x00000000eb4aebc0,0x00000000eb500000)
  to   space 1536K, 0% used [0x00000000eb200000,0x00000000eb200000,0x00000000eb380000)
 ParOldGen       total 164864K, used 162475K [0x00000000c0000000, 0x00000000ca100000, 0x00000000eab00000)
  object space 164864K, 98% used [0x00000000c0000000,0x00000000c9eaad80,0x00000000ca100000)
 Metaspace       used 63283K, committed 64448K, reserved 1114112K
  class space    used 6732K, committed 7232K, reserved 1048576K
}
Event: 11.789 GC heap before
{Heap before GC invocations=199 (full 7):
 PSYoungGen      total 8704K, used 8378K [0x00000000eab00000, 0x00000000eb500000, 0x0000000100000000)
  eden space 7168K, 100% used [0x00000000eab00000,0x00000000eb200000,0x00000000eb200000)
  from space 1536K, 78% used [0x00000000eb380000,0x00000000eb4aebc0,0x00000000eb500000)
  to   space 1536K, 0% used [0x00000000eb200000,0x00000000eb200000,0x00000000eb380000)
 ParOldGen       total 164864K, used 162475K [0x00000000c0000000, 0x00000000ca100000, 0x00000000eab00000)
  object space 164864K, 98% used [0x00000000c0000000,0x00000000c9eaad80,0x00000000ca100000)
 Metaspace       used 63303K, committed 64448K, reserved 1114112K
  class space    used 6734K, committed 7232K, reserved 1048576K
}
Event: 11.790 GC heap after
{Heap after GC invocations=199 (full 7):
 PSYoungGen      total 8704K, used 1313K [0x00000000eab00000, 0x00000000eb500000, 0x0000000100000000)
  eden space 7168K, 0% used [0x00000000eab00000,0x00000000eab00000,0x00000000eb200000)
  from space 1536K, 85% used [0x00000000eb200000,0x00000000eb3484d0,0x00000000eb380000)
  to   space 1536K, 0% used [0x00000000eb380000,0x00000000eb380000,0x00000000eb500000)
 ParOldGen       total 164864K, used 163517K [0x00000000c0000000, 0x00000000ca100000, 0x00000000eab00000)
  object space 164864K, 99% used [0x00000000c0000000,0x00000000c9faf4c0,0x00000000ca100000)
 Metaspace       used 63303K, committed 64448K, reserved 1114112K
  class space    used 6734K, committed 7232K, reserved 1048576K
}
Event: 11.808 GC heap before
{Heap before GC invocations=200 (full 7):
 PSYoungGen      total 8704K, used 8481K [0x00000000eab00000, 0x00000000eb500000, 0x0000000100000000)
  eden space 7168K, 100% used [0x00000000eab00000,0x00000000eb200000,0x00000000eb200000)
  from space 1536K, 85% used [0x00000000eb200000,0x00000000eb3484d0,0x00000000eb380000)
  to   space 1536K, 0% used [0x00000000eb380000,0x00000000eb380000,0x00000000eb500000)
 ParOldGen       total 164864K, used 163517K [0x00000000c0000000, 0x00000000ca100000, 0x00000000eab00000)
  object space 164864K, 99% used [0x00000000c0000000,0x00000000c9faf4c0,0x00000000ca100000)
 Metaspace       used 63391K, committed 64576K, reserved 1114112K
  class space    used 6746K, committed 7232K, reserved 1048576K
}
Event: 11.810 GC heap after
{Heap after GC invocations=200 (full 7):
 PSYoungGen      total 8704K, used 1304K [0x00000000eab00000, 0x00000000eb500000, 0x0000000100000000)
  eden space 7168K, 0% used [0x00000000eab00000,0x00000000eab00000,0x00000000eb200000)
  from space 1536K, 84% used [0x00000000eb380000,0x00000000eb4c62b0,0x00000000eb500000)
  to   space 1536K, 0% used [0x00000000eb200000,0x00000000eb200000,0x00000000eb380000)
 ParOldGen       total 164864K, used 164710K [0x00000000c0000000, 0x00000000ca100000, 0x00000000eab00000)
  object space 164864K, 99% used [0x00000000c0000000,0x00000000ca0d9868,0x00000000ca100000)
 Metaspace       used 63391K, committed 64576K, reserved 1114112K
  class space    used 6746K, committed 7232K, reserved 1048576K
}
Event: 11.828 GC heap before
{Heap before GC invocations=201 (full 8):
 PSYoungGen      total 8704K, used 8472K [0x00000000eab00000, 0x00000000eb500000, 0x0000000100000000)
  eden space 7168K, 100% used [0x00000000eab00000,0x00000000eb200000,0x00000000eb200000)
  from space 1536K, 84% used [0x00000000eb380000,0x00000000eb4c62b0,0x00000000eb500000)
  to   space 1536K, 0% used [0x00000000eb200000,0x00000000eb200000,0x00000000eb380000)
 ParOldGen       total 164864K, used 164710K [0x00000000c0000000, 0x00000000ca100000, 0x00000000eab00000)
  object space 164864K, 99% used [0x00000000c0000000,0x00000000ca0d9868,0x00000000ca100000)
 Metaspace       used 63427K, committed 64640K, reserved 1114112K
  class space    used 6751K, committed 7232K, reserved 1048576K
}
Event: 12.017 GC heap after
{Heap after GC invocations=201 (full 8):
 PSYoungGen      total 8704K, used 0K [0x00000000eab00000, 0x00000000eb600000, 0x0000000100000000)
  eden space 7168K, 0% used [0x00000000eab00000,0x00000000eab00000,0x00000000eb200000)
  from space 1536K, 0% used [0x00000000eb200000,0x00000000eb200000,0x00000000eb380000)
  to   space 1536K, 0% used [0x00000000eb480000,0x00000000eb480000,0x00000000eb600000)
 ParOldGen       total 190464K, used 161062K [0x00000000c0000000, 0x00000000cba00000, 0x00000000eab00000)
  object space 190464K, 84% used [0x00000000c0000000,0x00000000c9d49ab8,0x00000000cba00000)
 Metaspace       used 63427K, committed 64640K, reserved 1114112K
  class space    used 6751K, committed 7232K, reserved 1048576K
}
Event: 12.046 GC heap before
{Heap before GC invocations=202 (full 8):
 PSYoungGen      total 8704K, used 7168K [0x00000000eab00000, 0x00000000eb600000, 0x0000000100000000)
  eden space 7168K, 100% used [0x00000000eab00000,0x00000000eb200000,0x00000000eb200000)
  from space 1536K, 0% used [0x00000000eb200000,0x00000000eb200000,0x00000000eb380000)
  to   space 1536K, 0% used [0x00000000eb480000,0x00000000eb480000,0x00000000eb600000)
 ParOldGen       total 190464K, used 161062K [0x00000000c0000000, 0x00000000cba00000, 0x00000000eab00000)
  object space 190464K, 84% used [0x00000000c0000000,0x00000000c9d49ab8,0x00000000cba00000)
 Metaspace       used 63446K, committed 64704K, reserved 1114112K
  class space    used 6754K, committed 7296K, reserved 1048576K
}
Event: 12.048 GC heap after
{Heap after GC invocations=202 (full 8):
 PSYoungGen      total 9216K, used 1265K [0x00000000eab00000, 0x00000000eb600000, 0x0000000100000000)
  eden space 7680K, 0% used [0x00000000eab00000,0x00000000eab00000,0x00000000eb280000)
  from space 1536K, 82% used [0x00000000eb480000,0x00000000eb5bc5c0,0x00000000eb600000)
  to   space 1536K, 0% used [0x00000000eb300000,0x00000000eb300000,0x00000000eb480000)
 ParOldGen       total 190464K, used 161062K [0x00000000c0000000, 0x00000000cba00000, 0x00000000eab00000)
  object space 190464K, 84% used [0x00000000c0000000,0x00000000c9d49ab8,0x00000000cba00000)
 Metaspace       used 63446K, committed 64704K, reserved 1114112K
  class space    used 6754K, committed 7296K, reserved 1048576K
}
Event: 12.079 GC heap before
{Heap before GC invocations=203 (full 8):
 PSYoungGen      total 9216K, used 8945K [0x00000000eab00000, 0x00000000eb600000, 0x0000000100000000)
  eden space 7680K, 100% used [0x00000000eab00000,0x00000000eb280000,0x00000000eb280000)
  from space 1536K, 82% used [0x00000000eb480000,0x00000000eb5bc5c0,0x00000000eb600000)
  to   space 1536K, 0% used [0x00000000eb300000,0x00000000eb300000,0x00000000eb480000)
 ParOldGen       total 190464K, used 161062K [0x00000000c0000000, 0x00000000cba00000, 0x00000000eab00000)
  object space 190464K, 84% used [0x00000000c0000000,0x00000000c9d49ab8,0x00000000cba00000)
 Metaspace       used 63468K, committed 64704K, reserved 1114112K
  class space    used 6754K, committed 7296K, reserved 1048576K
}
Event: 12.081 GC heap after
{Heap after GC invocations=203 (full 8):
 PSYoungGen      total 9216K, used 1519K [0x00000000eab00000, 0x00000000eb600000, 0x0000000100000000)
  eden space 7680K, 0% used [0x00000000eab00000,0x00000000eab00000,0x00000000eb280000)
  from space 1536K, 98% used [0x00000000eb300000,0x00000000eb47bc00,0x00000000eb480000)
  to   space 1536K, 0% used [0x00000000eb480000,0x00000000eb480000,0x00000000eb600000)
 ParOldGen       total 190464K, used 161994K [0x00000000c0000000, 0x00000000cba00000, 0x00000000eab00000)
  object space 190464K, 85% used [0x00000000c0000000,0x00000000c9e32b48,0x00000000cba00000)
 Metaspace       used 63468K, committed 64704K, reserved 1114112K
  class space    used 6754K, committed 7296K, reserved 1048576K
}
Event: 12.105 GC heap before
{Heap before GC invocations=204 (full 8):
 PSYoungGen      total 9216K, used 9199K [0x00000000eab00000, 0x00000000eb600000, 0x0000000100000000)
  eden space 7680K, 100% used [0x00000000eab00000,0x00000000eb280000,0x00000000eb280000)
  from space 1536K, 98% used [0x00000000eb300000,0x00000000eb47bc00,0x00000000eb480000)
  to   space 1536K, 0% used [0x00000000eb480000,0x00000000eb480000,0x00000000eb600000)
 ParOldGen       total 190464K, used 161994K [0x00000000c0000000, 0x00000000cba00000, 0x00000000eab00000)
  object space 190464K, 85% used [0x00000000c0000000,0x00000000c9e32b48,0x00000000cba00000)
 Metaspace       used 63473K, committed 64704K, reserved 1114112K
  class space    used 6754K, committed 7296K, reserved 1048576K
}
Event: 12.106 GC heap after
{Heap after GC invocations=204 (full 8):
 PSYoungGen      total 9216K, used 1536K [0x00000000eab00000, 0x00000000eb700000, 0x0000000100000000)
  eden space 7680K, 0% used [0x00000000eab00000,0x00000000eab00000,0x00000000eb280000)
  from space 1536K, 100% used [0x00000000eb480000,0x00000000eb600000,0x00000000eb600000)
  to   space 2048K, 0% used [0x00000000eb280000,0x00000000eb280000,0x00000000eb480000)
 ParOldGen       total 190464K, used 163459K [0x00000000c0000000, 0x00000000cba00000, 0x00000000eab00000)
  object space 190464K, 85% used [0x00000000c0000000,0x00000000c9fa0f30,0x00000000cba00000)
 Metaspace       used 63473K, committed 64704K, reserved 1114112K
  class space    used 6754K, committed 7296K, reserved 1048576K
}
Event: 12.126 GC heap before
{Heap before GC invocations=205 (full 8):
 PSYoungGen      total 9216K, used 9216K [0x00000000eab00000, 0x00000000eb700000, 0x0000000100000000)
  eden space 7680K, 100% used [0x00000000eab00000,0x00000000eb280000,0x00000000eb280000)
  from space 1536K, 100% used [0x00000000eb480000,0x00000000eb600000,0x00000000eb600000)
  to   space 2048K, 0% used [0x00000000eb280000,0x00000000eb280000,0x00000000eb480000)
 ParOldGen       total 190464K, used 163459K [0x00000000c0000000, 0x00000000cba00000, 0x00000000eab00000)
  object space 190464K, 85% used [0x00000000c0000000,0x00000000c9fa0f30,0x00000000cba00000)
 Metaspace       used 63477K, committed 64704K, reserved 1114112K
  class space    used 6754K, committed 7296K, reserved 1048576K
}
Event: 12.128 GC heap after
{Heap after GC invocations=205 (full 8):
 PSYoungGen      total 9728K, used 2037K [0x00000000eab00000, 0x00000000eb700000, 0x0000000100000000)
  eden space 7680K, 0% used [0x00000000eab00000,0x00000000eab00000,0x00000000eb280000)
  from space 2048K, 99% used [0x00000000eb280000,0x00000000eb47d7f8,0x00000000eb480000)
  to   space 1536K, 0% used [0x00000000eb480000,0x00000000eb480000,0x00000000eb600000)
 ParOldGen       total 190464K, used 164040K [0x00000000c0000000, 0x00000000cba00000, 0x00000000eab00000)
  object space 190464K, 86% used [0x00000000c0000000,0x00000000ca0323b0,0x00000000cba00000)
 Metaspace       used 63477K, committed 64704K, reserved 1114112K
  class space    used 6754K, committed 7296K, reserved 1048576K
}
Event: 12.156 GC heap before
{Heap before GC invocations=206 (full 8):
 PSYoungGen      total 9728K, used 9717K [0x00000000eab00000, 0x00000000eb700000, 0x0000000100000000)
  eden space 7680K, 100% used [0x00000000eab00000,0x00000000eb280000,0x00000000eb280000)
  from space 2048K, 99% used [0x00000000eb280000,0x00000000eb47d7f8,0x00000000eb480000)
  to   space 1536K, 0% used [0x00000000eb480000,0x00000000eb480000,0x00000000eb600000)
 ParOldGen       total 190464K, used 164040K [0x00000000c0000000, 0x00000000cba00000, 0x00000000eab00000)
  object space 190464K, 86% used [0x00000000c0000000,0x00000000ca0323b0,0x00000000cba00000)
 Metaspace       used 63480K, committed 64704K, reserved 1114112K
  class space    used 6754K, committed 7296K, reserved 1048576K
}
Event: 12.159 GC heap after
{Heap after GC invocations=206 (full 8):
 PSYoungGen      total 9216K, used 1433K [0x00000000eab00000, 0x00000000eb700000, 0x0000000100000000)
  eden space 7680K, 0% used [0x00000000eab00000,0x00000000eab00000,0x00000000eb280000)
  from space 1536K, 93% used [0x00000000eb480000,0x00000000eb5e64b0,0x00000000eb600000)
  to   space 2048K, 0% used [0x00000000eb280000,0x00000000eb280000,0x00000000eb480000)
 ParOldGen       total 190464K, used 166031K [0x00000000c0000000, 0x00000000cba00000, 0x00000000eab00000)
  object space 190464K, 87% used [0x00000000c0000000,0x00000000ca223ec0,0x00000000cba00000)
 Metaspace       used 63480K, committed 64704K, reserved 1114112K
  class space    used 6754K, committed 7296K, reserved 1048576K
}
Event: 12.183 GC heap before
{Heap before GC invocations=207 (full 8):
 PSYoungGen      total 9216K, used 9094K [0x00000000eab00000, 0x00000000eb700000, 0x0000000100000000)
  eden space 7680K, 99% used [0x00000000eab00000,0x00000000eb27b658,0x00000000eb280000)
  from space 1536K, 93% used [0x00000000eb480000,0x00000000eb5e64b0,0x00000000eb600000)
  to   space 2048K, 0% used [0x00000000eb280000,0x00000000eb280000,0x00000000eb480000)
 ParOldGen       total 190464K, used 166031K [0x00000000c0000000, 0x00000000cba00000, 0x00000000eab00000)
  object space 190464K, 87% used [0x00000000c0000000,0x00000000ca223ec0,0x00000000cba00000)
 Metaspace       used 63481K, committed 64704K, reserved 1114112K
  class space    used 6754K, committed 7296K, reserved 1048576K
}
Event: 12.184 GC heap after
{Heap after GC invocations=207 (full 8):
 PSYoungGen      total 9728K, used 2018K [0x00000000eab00000, 0x00000000eb700000, 0x0000000100000000)
  eden space 7680K, 0% used [0x00000000eab00000,0x00000000eab00000,0x00000000eb280000)
  from space 2048K, 98% used [0x00000000eb280000,0x00000000eb478818,0x00000000eb480000)
  to   space 1536K, 0% used [0x00000000eb480000,0x00000000eb480000,0x00000000eb600000)
 ParOldGen       total 190464K, used 166538K [0x00000000c0000000, 0x00000000cba00000, 0x00000000eab00000)
  object space 190464K, 87% used [0x00000000c0000000,0x00000000ca2a2990,0x00000000cba00000)
 Metaspace       used 63481K, committed 64704K, reserved 1114112K
  class space    used 6754K, committed 7296K, reserved 1048576K
}

Dll operation events (10 events):
Event: 0.013 Loaded shared library c:\Users\aaota\.vscode\extensions\redhat.java-1.38.0-win32-x64\jre\17.0.13-win32-x86_64\bin\java.dll
Event: 0.189 Loaded shared library c:\Users\aaota\.vscode\extensions\redhat.java-1.38.0-win32-x64\jre\17.0.13-win32-x86_64\bin\zip.dll
Event: 0.195 Loaded shared library C:\Users\aaota\.vscode\extensions\redhat.java-1.38.0-win32-x64\jre\17.0.13-win32-x86_64\bin\instrument.dll
Event: 0.211 Loaded shared library C:\Users\aaota\.vscode\extensions\redhat.java-1.38.0-win32-x64\jre\17.0.13-win32-x86_64\bin\net.dll
Event: 0.213 Loaded shared library C:\Users\aaota\.vscode\extensions\redhat.java-1.38.0-win32-x64\jre\17.0.13-win32-x86_64\bin\nio.dll
Event: 0.221 Loaded shared library C:\Users\aaota\.vscode\extensions\redhat.java-1.38.0-win32-x64\jre\17.0.13-win32-x86_64\bin\zip.dll
Event: 0.249 Loaded shared library C:\Users\aaota\.vscode\extensions\redhat.java-1.38.0-win32-x64\jre\17.0.13-win32-x86_64\bin\jimage.dll
Event: 0.343 Loaded shared library c:\Users\aaota\.vscode\extensions\redhat.java-1.38.0-win32-x64\jre\17.0.13-win32-x86_64\bin\verify.dll
Event: 1.959 Loaded shared library C:\Users\aaota\AppData\Roaming\Code\User\globalStorage\redhat.java\1.38.0\config_win\org.eclipse.equinox.launcher\org.eclipse.equinox.launcher.win32.win32.x86_64_1.2.1100.v20240722-2106\eclipse_11904.dll
Event: 3.487 Loaded shared library C:\Users\aaota\AppData\Local\Temp\jna-92581628\jna12467264202379955675.dll

Deoptimization events (20 events):
Event: 12.134 Thread 0x0000022282671090 DEOPT PACKING pc=0x00000222f1c43a88 sp=0x000000ac74cfe0b0
Event: 12.134 Thread 0x0000022282675c80 DEOPT PACKING pc=0x00000222f1c43a88 sp=0x000000ac74bfe660
Event: 12.134 Thread 0x0000022282671090 DEOPT UNPACKING pc=0x00000222f12666a3 sp=0x000000ac74cfe040 mode 2
Event: 12.134 Thread 0x0000022282675c80 DEOPT UNPACKING pc=0x00000222f12666a3 sp=0x000000ac74bfe5f0 mode 2
Event: 12.165 Thread 0x0000022282674330 Uncommon trap: trap_request=0xffffff45 fr.pc=0x00000222f18c6184 relative=0x0000000000001684
Event: 12.165 Thread 0x0000022282675770 Uncommon trap: trap_request=0xffffff45 fr.pc=0x00000222f18c6184 relative=0x0000000000001684
Event: 12.165 Thread 0x0000022282674330 Uncommon trap: reason=unstable_if action=reinterpret pc=0x00000222f18c6184 method=org.codehaus.plexus.util.xml.pull.MXParser.nextImpl()I @ 973 c2
Event: 12.165 Thread 0x0000022282675770 Uncommon trap: reason=unstable_if action=reinterpret pc=0x00000222f18c6184 method=org.codehaus.plexus.util.xml.pull.MXParser.nextImpl()I @ 973 c2
Event: 12.165 Thread 0x0000022282675770 DEOPT PACKING pc=0x00000222f18c6184 sp=0x000000ac74afe540
Event: 12.165 Thread 0x0000022282675770 DEOPT UNPACKING pc=0x00000222f12666a3 sp=0x000000ac74afe4d8 mode 2
Event: 12.165 Thread 0x0000022282674330 DEOPT PACKING pc=0x00000222f18c6184 sp=0x000000ac749fe1f0
Event: 12.166 Thread 0x0000022282674330 DEOPT UNPACKING pc=0x00000222f12666a3 sp=0x000000ac749fe188 mode 2
Event: 12.167 Thread 0x0000022282676bb0 Uncommon trap: trap_request=0xffffff45 fr.pc=0x00000222f1c393e8 relative=0x00000000000001c8
Event: 12.167 Thread 0x0000022282676bb0 Uncommon trap: reason=unstable_if action=reinterpret pc=0x00000222f1c393e8 method=org.codehaus.plexus.util.xml.pull.MXParser.printable(I)Ljava/lang/String; @ 23 c2
Event: 12.167 Thread 0x0000022282676bb0 DEOPT PACKING pc=0x00000222f1c393e8 sp=0x000000ac71ffe050
Event: 12.167 Thread 0x0000022282676bb0 DEOPT UNPACKING pc=0x00000222f12666a3 sp=0x000000ac71ffdfe0 mode 2
Event: 12.193 Thread 0x000002228231e2d0 Uncommon trap: trap_request=0xffffff45 fr.pc=0x00000222f1a3128c relative=0x0000000000001cec
Event: 12.193 Thread 0x000002228231e2d0 Uncommon trap: reason=unstable_if action=reinterpret pc=0x00000222f1a3128c method=org.eclipse.jdt.internal.compiler.parser.Scanner.internalScanIdentifierOrKeyword(II[C)I @ 4546 c2
Event: 12.193 Thread 0x000002228231e2d0 DEOPT PACKING pc=0x00000222f1a3128c sp=0x000000ac725ff1f0
Event: 12.193 Thread 0x000002228231e2d0 DEOPT UNPACKING pc=0x00000222f12666a3 sp=0x000000ac725ff188 mode 2

Classes loaded (20 events):
Event: 8.467 Loading class java/util/concurrent/ConcurrentHashMap$KeySpliterator
Event: 8.467 Loading class java/util/concurrent/ConcurrentHashMap$KeySpliterator done
Event: 8.488 Loading class java/nio/channels/Channels$1
Event: 8.488 Loading class java/nio/channels/Channels$1 done
Event: 8.503 Loading class java/util/regex/Pattern$Pos
Event: 8.503 Loading class java/util/regex/Pattern$Pos done
Event: 8.543 Loading class sun/security/provider/MD5
Event: 8.543 Loading class sun/security/provider/MD5 done
Event: 8.547 Loading class sun/security/provider/ByteArrayAccess$LE
Event: 8.547 Loading class sun/security/provider/ByteArrayAccess$LE done
Event: 10.979 Loading class sun/nio/cs/ISO_8859_1$Decoder
Event: 10.980 Loading class sun/nio/cs/ISO_8859_1$Decoder done
Event: 11.130 Loading class java/util/stream/DistinctOps
Event: 11.130 Loading class java/util/stream/DistinctOps done
Event: 11.130 Loading class java/util/stream/DistinctOps$1
Event: 11.130 Loading class java/util/stream/DistinctOps$1 done
Event: 11.131 Loading class java/util/stream/DistinctOps$1$2
Event: 11.132 Loading class java/util/stream/DistinctOps$1$2 done
Event: 11.636 Loading class java/util/LinkedList$LLSpliterator
Event: 11.636 Loading class java/util/LinkedList$LLSpliterator done

Classes unloaded (15 events):
Event: 4.501 Thread 0x00000222e70d6b50 Unloading class 0x0000000100258000 'java/lang/invoke/LambdaForm$MH+0x0000000100258000'
Event: 4.501 Thread 0x00000222e70d6b50 Unloading class 0x0000000100253c00 'java/lang/invoke/LambdaForm$MH+0x0000000100253c00'
Event: 4.501 Thread 0x00000222e70d6b50 Unloading class 0x0000000100253800 'java/lang/invoke/LambdaForm$MH+0x0000000100253800'
Event: 4.501 Thread 0x00000222e70d6b50 Unloading class 0x0000000100253400 'java/lang/invoke/LambdaForm$MH+0x0000000100253400'
Event: 4.501 Thread 0x00000222e70d6b50 Unloading class 0x0000000100253000 'java/lang/invoke/LambdaForm$BMH+0x0000000100253000'
Event: 4.501 Thread 0x00000222e70d6b50 Unloading class 0x0000000100252c00 'java/lang/invoke/LambdaForm$DMH+0x0000000100252c00'
Event: 4.501 Thread 0x00000222e70d6b50 Unloading class 0x0000000100250400 'java/lang/invoke/LambdaForm$DMH+0x0000000100250400'
Event: 11.347 Thread 0x00000222e70d6b50 Unloading class 0x00000001006f2400 'java/lang/invoke/LambdaForm$MH+0x00000001006f2400'
Event: 11.347 Thread 0x00000222e70d6b50 Unloading class 0x00000001006f1800 'java/lang/invoke/LambdaForm$MH+0x00000001006f1800'
Event: 11.347 Thread 0x00000222e70d6b50 Unloading class 0x00000001006f1c00 'java/lang/invoke/LambdaForm$MH+0x00000001006f1c00'
Event: 11.347 Thread 0x00000222e70d6b50 Unloading class 0x00000001006f2000 'java/lang/invoke/LambdaForm$MH+0x00000001006f2000'
Event: 11.347 Thread 0x00000222e70d6b50 Unloading class 0x00000001006f1000 'java/lang/invoke/LambdaForm$DMH+0x00000001006f1000'
Event: 11.347 Thread 0x00000222e70d6b50 Unloading class 0x00000001006f0000 'java/lang/invoke/LambdaForm$DMH+0x00000001006f0000'
Event: 11.347 Thread 0x00000222e70d6b50 Unloading class 0x00000001006f0800 'java/lang/invoke/LambdaForm$DMH+0x00000001006f0800'
Event: 11.347 Thread 0x00000222e70d6b50 Unloading class 0x00000001006f0400 'java/lang/invoke/LambdaForm$DMH+0x00000001006f0400'

Classes redefined (0 events):
No events

Internal exceptions (20 events):
Event: 8.501 Thread 0x000002228231ce90 Exception <a 'sun/nio/fs/WindowsException'{0x00000000eaca6f68}> (0x00000000eaca6f68) 
thrown [s\src\hotspot\share\prims\jni.cpp, line 516]
Event: 8.503 Thread 0x00000222842c30b0 Exception <a 'sun/nio/fs/WindowsException'{0x00000000ead97df0}> (0x00000000ead97df0) 
thrown [s\src\hotspot\share\prims\jni.cpp, line 516]
Event: 8.505 Thread 0x00000222842c30b0 Exception <a 'sun/nio/fs/WindowsException'{0x00000000ead98db0}> (0x00000000ead98db0) 
thrown [s\src\hotspot\share\prims\jni.cpp, line 516]
Event: 8.722 Thread 0x000002228231ce90 Exception <a 'sun/nio/fs/WindowsException'{0x00000000eadb7828}> (0x00000000eadb7828) 
thrown [s\src\hotspot\share\prims\jni.cpp, line 516]
Event: 8.722 Thread 0x000002228231ce90 Exception <a 'sun/nio/fs/WindowsException'{0x00000000eadb8088}> (0x00000000eadb8088) 
thrown [s\src\hotspot\share\prims\jni.cpp, line 516]
Event: 10.825 Thread 0x000002228231ce90 Exception <a 'java/lang/NoSuchMethodError'{0x00000000ead38a48}: 'void java.lang.invoke.DirectMethodHandle$Holder.invokeInterface(java.lang.Object, java.lang.Object)'> (0x00000000ead38a48) 
thrown [s\src\hotspot\share\interpreter\linkResolver.cpp, line 759]
Event: 10.839 Thread 0x000002228231ce90 Exception <a 'java/lang/NoSuchMethodError'{0x00000000eadd6328}: 'java.lang.Object java.lang.invoke.DirectMethodHandle$Holder.newInvokeSpecial(java.lang.Object, java.lang.Object, java.lang.Object, java.lang.Object, java.lang.Object, java.lang.Object)'> (0x00000000eadd6328) 
thrown [s\src\hotspot\share\interpreter\linkResolver.cpp, line 759]
Event: 10.847 Thread 0x0000022282673400 Exception <a 'java/lang/NoSuchMethodError'{0x00000000eab55320}: 'java.lang.Object java.lang.invoke.Invokers$Holder.linkToTargetMethod(java.lang.Object, java.lang.Object, java.lang.Object, java.lang.Object, java.lang.Object, java.lang.Object, java.lang.Object)'> (0x00000000eab55320) 
thrown [s\src\hotspot\share\interpreter\linkResolver.cpp, line 759]
Event: 10.847 Thread 0x0000022282671090 Exception <a 'java/lang/NoSuchMethodError'{0x00000000eab52310}: 'java.lang.Object java.lang.invoke.Invokers$Holder.linkToTargetMethod(java.lang.Object, java.lang.Object, java.lang.Object, java.lang.Object, java.lang.Object, java.lang.Object, java.lang.Object)'> (0x00000000eab52310) 
thrown [s\src\hotspot\share\interpreter\linkResolver.cpp, line 759]
Event: 10.847 Thread 0x0000022282677ae0 Exception <a 'java/lang/NoSuchMethodError'{0x00000000eab58a10}: 'java.lang.Object java.lang.invoke.Invokers$Holder.linkToTargetMethod(java.lang.Object, java.lang.Object, java.lang.Object, java.lang.Object, java.lang.Object, java.lang.Object, java.lang.Object)'> (0x00000000eab58a10) 
thrown [s\src\hotspot\share\interpreter\linkResolver.cpp, line 759]
Event: 10.847 Thread 0x0000022282674d50 Exception <a 'java/lang/NoSuchMethodError'{0x00000000eab5af38}: 'java.lang.Object java.lang.invoke.Invokers$Holder.linkToTargetMethod(java.lang.Object, java.lang.Object, java.lang.Object, java.lang.Object, java.lang.Object, java.lang.Object, java.lang.Object)'> (0x00000000eab5af38) 
thrown [s\src\hotspot\share\interpreter\linkResolver.cpp, line 759]
Event: 10.847 Thread 0x0000022282676bb0 Exception <a 'java/lang/NoSuchMethodError'{0x00000000eab5db48}: 'java.lang.Object java.lang.invoke.Invokers$Holder.linkToTargetMethod(java.lang.Object, java.lang.Object, java.lang.Object, java.lang.Object, java.lang.Object, java.lang.Object, java.lang.Object)'> (0x00000000eab5db48) 
thrown [s\src\hotspot\share\interpreter\linkResolver.cpp, line 759]
Event: 11.133 Thread 0x000002228231ce90 Exception <a 'java/lang/NoSuchMethodError'{0x00000000ead3ff60}: 'java.lang.Object java.lang.invoke.DirectMethodHandle$Holder.newInvokeSpecial(java.lang.Object, java.lang.Object, int, java.lang.Object, java.lang.Object)'> (0x00000000ead3ff60) 
thrown [s\src\hotspot\share\interpreter\linkResolver.cpp, line 759]
Event: 11.142 Thread 0x000002228231ce90 Exception <a 'java/lang/NoSuchMethodError'{0x00000000eab1bee8}: 'java.lang.Object java.lang.invoke.DirectMethodHandle$Holder.invokeSpecial(java.lang.Object, java.lang.Object, java.lang.Object, int, java.lang.Object, java.lang.Object, java.lang.Object)'> (0x00000000eab1bee8) 
thrown [s\src\hotspot\share\interpreter\linkResolver.cpp, line 759]
Event: 11.171 Thread 0x000002228231ce90 Exception <a 'java/lang/NoSuchMethodError'{0x00000000eaf62558}: 'java.lang.Object java.lang.invoke.DirectMethodHandle$Holder.invokeStatic(java.lang.Object, java.lang.Object, int, java.lang.Object, java.lang.Object)'> (0x00000000eaf62558) 
thrown [s\src\hotspot\share\interpreter\linkResolver.cpp, line 759]
Event: 11.172 Thread 0x000002228231ce90 Exception <a 'java/lang/NoSuchMethodError'{0x00000000eb0434a8}: 'java.lang.Object java.lang.invoke.DirectMethodHandle$Holder.newInvokeSpecial(java.lang.Object, java.lang.Object, int)'> (0x00000000eb0434a8) 
thrown [s\src\hotspot\share\interpreter\linkResolver.cpp, line 759]
Event: 11.187 Thread 0x000002228231ce90 Exception <a 'java/lang/NoSuchMethodError'{0x00000000eaf34608}: 'void java.lang.invoke.DirectMethodHandle$Holder.invokeStatic(java.lang.Object, int)'> (0x00000000eaf34608) 
thrown [s\src\hotspot\share\interpreter\linkResolver.cpp, line 759]
Event: 11.786 Thread 0x000002228231ce90 Exception <a 'java/io/FileNotFoundException'{0x00000000eafd7448}> (0x00000000eafd7448) 
thrown [s\src\hotspot\share\prims\jni.cpp, line 516]
Event: 11.787 Thread 0x000002228231ce90 Exception <a 'java/io/FileNotFoundException'{0x00000000eb15bf10}> (0x00000000eb15bf10) 
thrown [s\src\hotspot\share\prims\jni.cpp, line 516]
Event: 11.787 Thread 0x000002228231ce90 Exception <a 'java/io/FileNotFoundException'{0x00000000eb15cef0}> (0x00000000eb15cef0) 
thrown [s\src\hotspot\share\prims\jni.cpp, line 516]

VM Operations (20 events):
Event: 11.771 Executing VM operation: ParallelGCFailedAllocation
Event: 11.773 Executing VM operation: ParallelGCFailedAllocation done
Event: 11.789 Executing VM operation: ParallelGCFailedAllocation
Event: 11.790 Executing VM operation: ParallelGCFailedAllocation done
Event: 11.808 Executing VM operation: ParallelGCFailedAllocation
Event: 11.810 Executing VM operation: ParallelGCFailedAllocation done
Event: 11.828 Executing VM operation: ParallelGCFailedAllocation
Event: 12.017 Executing VM operation: ParallelGCFailedAllocation done
Event: 12.046 Executing VM operation: ParallelGCFailedAllocation
Event: 12.048 Executing VM operation: ParallelGCFailedAllocation done
Event: 12.079 Executing VM operation: ParallelGCFailedAllocation
Event: 12.081 Executing VM operation: ParallelGCFailedAllocation done
Event: 12.105 Executing VM operation: ParallelGCFailedAllocation
Event: 12.106 Executing VM operation: ParallelGCFailedAllocation done
Event: 12.126 Executing VM operation: ParallelGCFailedAllocation
Event: 12.128 Executing VM operation: ParallelGCFailedAllocation done
Event: 12.156 Executing VM operation: ParallelGCFailedAllocation
Event: 12.159 Executing VM operation: ParallelGCFailedAllocation done
Event: 12.183 Executing VM operation: ParallelGCFailedAllocation
Event: 12.184 Executing VM operation: ParallelGCFailedAllocation done

Memory protections (0 events):
No events

Nmethod flushes (20 events):
Event: 10.899 Thread 0x00000222800e5a90 flushing  nmethod 0x00000222eaa99c10
Event: 10.899 Thread 0x00000222800e5a90 flushing  nmethod 0x00000222eaa9a510
Event: 10.899 Thread 0x00000222800e5a90 flushing  nmethod 0x00000222eaa9bd10
Event: 10.899 Thread 0x00000222800e5a90 flushing  nmethod 0x00000222eaa9c390
Event: 10.899 Thread 0x00000222800e5a90 flushing  nmethod 0x00000222eaaa1310
Event: 10.899 Thread 0x00000222800e5a90 flushing  nmethod 0x00000222eaaa1710
Event: 10.899 Thread 0x00000222800e5a90 flushing  nmethod 0x00000222eaaa1c10
Event: 10.899 Thread 0x00000222800e5a90 flushing  nmethod 0x00000222eaaa2310
Event: 10.899 Thread 0x00000222800e5a90 flushing  nmethod 0x00000222eaaa3710
Event: 10.899 Thread 0x00000222800e5a90 flushing  nmethod 0x00000222eaaa3c10
Event: 10.899 Thread 0x00000222800e5a90 flushing  nmethod 0x00000222eaaa4290
Event: 10.899 Thread 0x00000222800e5a90 flushing  nmethod 0x00000222eaaa4790
Event: 10.899 Thread 0x00000222800e5a90 flushing  nmethod 0x00000222eaaa4c90
Event: 10.899 Thread 0x00000222800e5a90 flushing  nmethod 0x00000222eaaa5190
Event: 10.899 Thread 0x00000222800e5a90 flushing  nmethod 0x00000222eaaac610
Event: 10.899 Thread 0x00000222800e5a90 flushing  nmethod 0x00000222eaaac910
Event: 10.899 Thread 0x00000222800e5a90 flushing  nmethod 0x00000222eaae0910
Event: 10.899 Thread 0x00000222800e5a90 flushing  nmethod 0x00000222eaae1010
Event: 10.899 Thread 0x00000222800e5a90 flushing  nmethod 0x00000222eab1b990
Event: 10.899 Thread 0x00000222800e5a90 flushing  nmethod 0x00000222eab5f290

Events (20 events):
Event: 8.478 Thread 0x000002228231ce90 Thread added: 0x0000022282670b80
Event: 8.492 Thread 0x000002228231ce90 Thread added: 0x0000022282675260
Event: 8.522 Thread 0x000002228231ce90 Thread added: 0x0000022282678500
Event: 8.713 Thread 0x000002228231ce90 Thread added: 0x00000222826775d0
Event: 9.041 Thread 0x000002228231d3a0 Thread exited: 0x000002228231d3a0
Event: 10.841 Thread 0x000002228231ce90 Thread added: 0x0000022282673400
Event: 10.842 Thread 0x000002228231ce90 Thread added: 0x0000022282677ae0
Event: 10.842 Thread 0x000002228231ce90 Thread added: 0x0000022282674d50
Event: 10.842 Thread 0x000002228231ce90 Thread added: 0x0000022282676bb0
Event: 10.842 Thread 0x000002228231ce90 Thread added: 0x0000022282671090
Event: 11.040 Thread 0x0000022282673400 Thread exited: 0x0000022282673400
Event: 11.040 Thread 0x0000022282671090 Thread exited: 0x0000022282671090
Event: 11.040 Thread 0x0000022282677ae0 Thread exited: 0x0000022282677ae0
Event: 11.040 Thread 0x0000022282676bb0 Thread exited: 0x0000022282676bb0
Event: 11.040 Thread 0x0000022282674d50 Thread exited: 0x0000022282674d50
Event: 12.031 Thread 0x000002228231ce90 Thread added: 0x0000022282676bb0
Event: 12.032 Thread 0x000002228231ce90 Thread added: 0x0000022282674330
Event: 12.033 Thread 0x000002228231ce90 Thread added: 0x0000022282675770
Event: 12.033 Thread 0x000002228231ce90 Thread added: 0x0000022282675c80
Event: 12.034 Thread 0x000002228231ce90 Thread added: 0x0000022282671090


Dynamic libraries:
0x00007ff6b4d30000 - 0x00007ff6b4d3e000 	c:\Users\aaota\.vscode\extensions\redhat.java-1.38.0-win32-x64\jre\17.0.13-win32-x86_64\bin\java.exe
0x00007ffadc330000 - 0x00007ffadc547000 	C:\Windows\SYSTEM32\ntdll.dll
0x00007ffadad00000 - 0x00007ffadadc4000 	C:\Windows\System32\KERNEL32.DLL
0x00007ffad9830000 - 0x00007ffad9bea000 	C:\Windows\System32\KERNELBASE.dll
0x00007ffad9bf0000 - 0x00007ffad9d01000 	C:\Windows\System32\ucrtbase.dll
0x00007ffa9d1c0000 - 0x00007ffa9d1de000 	c:\Users\aaota\.vscode\extensions\redhat.java-1.38.0-win32-x64\jre\17.0.13-win32-x86_64\bin\VCRUNTIME140.dll
0x00007ffa9d210000 - 0x00007ffa9d227000 	c:\Users\aaota\.vscode\extensions\redhat.java-1.38.0-win32-x64\jre\17.0.13-win32-x86_64\bin\jli.dll
0x00007ffada1f0000 - 0x00007ffada39e000 	C:\Windows\System32\USER32.dll
0x00007ffad95f0000 - 0x00007ffad9616000 	C:\Windows\System32\win32u.dll
0x00007ffaa00b0000 - 0x00007ffaa0342000 	C:\Windows\WinSxS\amd64_microsoft.windows.common-controls_6595b64144ccf1df_6.0.22621.4541_none_2710d1c57384c085\COMCTL32.dll
0x00007ffadaa00000 - 0x00007ffadaa29000 	C:\Windows\System32\GDI32.dll
0x00007ffadc240000 - 0x00007ffadc2e7000 	C:\Windows\System32\msvcrt.dll
0x00007ffad9e10000 - 0x00007ffad9f2b000 	C:\Windows\System32\gdi32full.dll
0x00007ffad9620000 - 0x00007ffad96ba000 	C:\Windows\System32\msvcp_win.dll
0x00007ffadae00000 - 0x00007ffadae31000 	C:\Windows\System32\IMM32.DLL
0x00007ffac0eb0000 - 0x00007ffac0ebc000 	c:\Users\aaota\.vscode\extensions\redhat.java-1.38.0-win32-x64\jre\17.0.13-win32-x86_64\bin\vcruntime140_1.dll
0x00007ffa86c00000 - 0x00007ffa86c8d000 	c:\Users\aaota\.vscode\extensions\redhat.java-1.38.0-win32-x64\jre\17.0.13-win32-x86_64\bin\msvcp140.dll
0x00007ffa4dca0000 - 0x00007ffa4e90b000 	c:\Users\aaota\.vscode\extensions\redhat.java-1.38.0-win32-x64\jre\17.0.13-win32-x86_64\bin\server\jvm.dll
0x00007ffadae40000 - 0x00007ffadaef2000 	C:\Windows\System32\ADVAPI32.dll
0x00007ffadbd50000 - 0x00007ffadbdf7000 	C:\Windows\System32\sechost.dll
0x00007ffad9ff0000 - 0x00007ffada018000 	C:\Windows\System32\bcrypt.dll
0x00007ffada0b0000 - 0x00007ffada1c4000 	C:\Windows\System32\RPCRT4.dll
0x00007ffadbb20000 - 0x00007ffadbb91000 	C:\Windows\System32\WS2_32.dll
0x00007ffacf360000 - 0x00007ffacf394000 	C:\Windows\SYSTEM32\WINMM.dll
0x00007ffac6900000 - 0x00007ffac690a000 	C:\Windows\SYSTEM32\VERSION.dll
0x00007ffad9310000 - 0x00007ffad935d000 	C:\Windows\SYSTEM32\POWRPROF.dll
0x00007ffad92f0000 - 0x00007ffad9303000 	C:\Windows\SYSTEM32\UMPDC.dll
0x00007ffad85a0000 - 0x00007ffad85b8000 	C:\Windows\SYSTEM32\kernel.appcore.dll
0x00007ffac0d10000 - 0x00007ffac0d1a000 	c:\Users\aaota\.vscode\extensions\redhat.java-1.38.0-win32-x64\jre\17.0.13-win32-x86_64\bin\jimage.dll
0x00007ffad6ea0000 - 0x00007ffad70d2000 	C:\Windows\SYSTEM32\DBGHELP.DLL
0x00007ffadaf00000 - 0x00007ffadb291000 	C:\Windows\System32\combase.dll
0x00007ffadaa30000 - 0x00007ffadab07000 	C:\Windows\System32\OLEAUT32.dll
0x00007ffac9070000 - 0x00007ffac90a2000 	C:\Windows\SYSTEM32\dbgcore.DLL
0x00007ffad9d10000 - 0x00007ffad9d8b000 	C:\Windows\System32\bcryptPrimitives.dll
0x00007ffabd890000 - 0x00007ffabd89e000 	c:\Users\aaota\.vscode\extensions\redhat.java-1.38.0-win32-x64\jre\17.0.13-win32-x86_64\bin\instrument.dll
0x00007ffa9cf10000 - 0x00007ffa9cf35000 	c:\Users\aaota\.vscode\extensions\redhat.java-1.38.0-win32-x64\jre\17.0.13-win32-x86_64\bin\java.dll
0x00007ffa9bc90000 - 0x00007ffa9bca8000 	c:\Users\aaota\.vscode\extensions\redhat.java-1.38.0-win32-x64\jre\17.0.13-win32-x86_64\bin\zip.dll
0x00007ffadb2a0000 - 0x00007ffadbb19000 	C:\Windows\System32\SHELL32.dll
0x00007ffad74e0000 - 0x00007ffad7de9000 	C:\Windows\SYSTEM32\windows.storage.dll
0x00007ffad73a0000 - 0x00007ffad74df000 	C:\Windows\SYSTEM32\wintypes.dll
0x00007ffada8f0000 - 0x00007ffada9ea000 	C:\Windows\System32\SHCORE.dll
0x00007ffadc070000 - 0x00007ffadc0ce000 	C:\Windows\System32\shlwapi.dll
0x00007ffad9520000 - 0x00007ffad954b000 	C:\Windows\SYSTEM32\profapi.dll
0x00007ffa9ba50000 - 0x00007ffa9ba69000 	C:\Users\aaota\.vscode\extensions\redhat.java-1.38.0-win32-x64\jre\17.0.13-win32-x86_64\bin\net.dll
0x00007ffad4eb0000 - 0x00007ffad4fe6000 	C:\Windows\SYSTEM32\WINHTTP.dll
0x00007ffad8a70000 - 0x00007ffad8ad9000 	C:\Windows\system32\mswsock.dll
0x00007ffa982e0000 - 0x00007ffa982f6000 	C:\Users\aaota\.vscode\extensions\redhat.java-1.38.0-win32-x64\jre\17.0.13-win32-x86_64\bin\nio.dll
0x00007ffabce00000 - 0x00007ffabce10000 	c:\Users\aaota\.vscode\extensions\redhat.java-1.38.0-win32-x64\jre\17.0.13-win32-x86_64\bin\verify.dll
0x00007ffa934e0000 - 0x00007ffa93525000 	C:\Users\aaota\AppData\Roaming\Code\User\globalStorage\redhat.java\1.38.0\config_win\org.eclipse.equinox.launcher\org.eclipse.equinox.launcher.win32.win32.x86_64_1.2.1100.v20240722-2106\eclipse_11904.dll
0x00007ffadbba0000 - 0x00007ffadbd45000 	C:\Windows\System32\ole32.dll
0x00007ffad8cf0000 - 0x00007ffad8d0b000 	C:\Windows\SYSTEM32\CRYPTSP.dll
0x00007ffad8560000 - 0x00007ffad8595000 	C:\Windows\system32\rsaenh.dll
0x00007ffad8b40000 - 0x00007ffad8b68000 	C:\Windows\SYSTEM32\USERENV.dll
0x00007ffad8ce0000 - 0x00007ffad8cec000 	C:\Windows\SYSTEM32\CRYPTBASE.dll
0x00007ffad8040000 - 0x00007ffad806d000 	C:\Windows\SYSTEM32\IPHLPAPI.DLL
0x00007ffadadd0000 - 0x00007ffadadd9000 	C:\Windows\System32\NSI.dll
0x00007ffacf5b0000 - 0x00007ffacf5c9000 	C:\Windows\SYSTEM32\dhcpcsvc6.DLL
0x00007ffacf3a0000 - 0x00007ffacf3bf000 	C:\Windows\SYSTEM32\dhcpcsvc.DLL
0x00007ffad8070000 - 0x00007ffad8172000 	C:\Windows\SYSTEM32\DNSAPI.dll
0x00007ffa919a0000 - 0x00007ffa919e9000 	C:\Users\aaota\AppData\Local\Temp\jna-92581628\jna12467264202379955675.dll
0x00007ffada020000 - 0x00007ffada028000 	C:\Windows\System32\PSAPI.DLL

dbghelp: loaded successfully - version: 4.0.5 - missing functions: none
symbol engine: initialized successfully - sym options: 0x614 - pdb path: .;c:\Users\aaota\.vscode\extensions\redhat.java-1.38.0-win32-x64\jre\17.0.13-win32-x86_64\bin;C:\Windows\SYSTEM32;C:\Windows\WinSxS\amd64_microsoft.windows.common-controls_6595b64144ccf1df_6.0.22621.4541_none_2710d1c57384c085;c:\Users\aaota\.vscode\extensions\redhat.java-1.38.0-win32-x64\jre\17.0.13-win32-x86_64\bin\server;C:\Users\aaota\AppData\Roaming\Code\User\globalStorage\redhat.java\1.38.0\config_win\org.eclipse.equinox.launcher\org.eclipse.equinox.launcher.win32.win32.x86_64_1.2.1100.v20240722-2106;C:\Users\aaota\AppData\Local\Temp\jna-92581628

VM Arguments:
jvm_args: --add-modules=ALL-SYSTEM --add-opens=java.base/java.util=ALL-UNNAMED --add-opens=java.base/java.lang=ALL-UNNAMED --add-opens=java.base/sun.nio.fs=ALL-UNNAMED -Declipse.application=org.eclipse.jdt.ls.core.id1 -Dosgi.bundles.defaultStartLevel=4 -Declipse.product=org.eclipse.jdt.ls.core.product -Djava.import.generatesMetadataFilesAtProjectRoot=false -DDetectVMInstallationsJob.disabled=true -Dfile.encoding=utf8 -XX:+UseParallelGC -XX:GCTimeRatio=4 -XX:AdaptiveSizePolicyWeight=90 -Dsun.zip.disableMemoryMapping=true -Xmx1G -Xms100m -Xlog:disable -javaagent:c:\Users\aaota\.vscode\extensions\redhat.java-1.38.0-win32-x64\lombok\lombok-1.18.34.jar -XX:+HeapDumpOnOutOfMemoryError -XX:HeapDumpPath=c:\Users\aaota\AppData\Roaming\Code\User\workspaceStorage\04a3af300efd385a6f56af7f530eafb8\redhat.java -Daether.dependencyCollector.impl=bf 
java_command: c:\Users\aaota\.vscode\extensions\redhat.java-1.38.0-win32-x64\server\plugins\org.eclipse.equinox.launcher_1.6.900.v20240613-2009.jar -configuration c:\Users\aaota\AppData\Roaming\Code\User\globalStorage\redhat.java\1.38.0\config_win -data c:\Users\aaota\AppData\Roaming\Code\User\workspaceStorage\04a3af300efd385a6f56af7f530eafb8\redhat.java\jdt_ws --pipe=\\.\pipe\lsp-febb238599656d02b691806f5072ad1f-sock
java_class_path (initial): c:\Users\aaota\.vscode\extensions\redhat.java-1.38.0-win32-x64\server\plugins\org.eclipse.equinox.launcher_1.6.900.v20240613-2009.jar
Launcher Type: SUN_STANDARD

[Global flags]
    uintx AdaptiveSizePolicyWeight                 = 90                                        {product} {command line}
     intx CICompilerCount                          = 4                                         {product} {ergonomic}
    uintx GCTimeRatio                              = 4                                         {product} {command line}
     bool HeapDumpOnOutOfMemoryError               = true                                   {manageable} {command line}
    ccstr HeapDumpPath                             = c:\Users\aaota\AppData\Roaming\Code\User\workspaceStorage\04a3af300efd385a6f56af7f530eafb8\redhat.java         {manageable} {command line}
   size_t InitialHeapSize                          = 104857600                                 {product} {command line}
   size_t MaxHeapSize                              = 1073741824                                {product} {command line}
   size_t MaxNewSize                               = 357564416                                 {product} {ergonomic}
   size_t MinHeapDeltaBytes                        = 524288                                    {product} {ergonomic}
   size_t MinHeapSize                              = 104857600                                 {product} {command line}
   size_t NewSize                                  = 34603008                                  {product} {ergonomic}
    uintx NonNMethodCodeHeapSize                   = 5839372                                {pd product} {ergonomic}
    uintx NonProfiledCodeHeapSize                  = 122909434                              {pd product} {ergonomic}
   size_t OldSize                                  = 70254592                                  {product} {ergonomic}
    uintx ProfiledCodeHeapSize                     = 122909434                              {pd product} {ergonomic}
    uintx ReservedCodeCacheSize                    = 251658240                              {pd product} {ergonomic}
     bool SegmentedCodeCache                       = true                                      {product} {ergonomic}
   size_t SoftMaxHeapSize                          = 1073741824                             {manageable} {ergonomic}
     bool UseCompressedClassPointers               = true                           {product lp64_product} {ergonomic}
     bool UseCompressedOops                        = true                           {product lp64_product} {ergonomic}
     bool UseLargePagesIndividualAllocation        = false                                  {pd product} {ergonomic}
     bool UseParallelGC                            = true                                      {product} {command line}

Logging:
Log output configuration:
 #0: stdout all=off uptime,level,tags
 #1: stderr all=off uptime,level,tags

Environment Variables:
PATH=C:\Python312\Scripts\;C:\Python312\;C:\Program Files\Common Files\Oracle\Java\javapath;C:\Windows\system32;C:\Windows;C:\Windows\System32\Wbem;C:\Windows\System32\WindowsPowerShell\v1.0\;C:\Windows\System32\OpenSSH\;C:\Program Files\dotnet\;C:\python;C:\Program Files\Git\cmd;C:\Users\aaota\OneDrive\Desktop\bin;C:\Program Files\nodejs\;C:\ProgramData\chocolatey\bin;C:\Program Files\Amazon\AWSCLIV2\;C:\Program Files\MySQL\MySQL Shell 8.0\bin\;C:\Users\aaota\AppData\Local\Microsoft\WindowsApps;C:\python;C:\python\Scripts;;C:\java\Microsoft VS Code\bin;C:\Users\aaota\AppData\Local\Microsoft\WinGet\Links;C:\Users\aaota\AppData\Roaming\npm
USERNAME=aaota
OS=Windows_NT
PROCESSOR_IDENTIFIER=Intel64 Family 6 Model 154 Stepping 4, GenuineIntel
TMP=C:\Users\aaota\AppData\Local\Temp
TEMP=C:\Users\aaota\AppData\Local\Temp



Periodic native trim disabled


---------------  S Y S T E M  ---------------

OS:
 Windows 11 , 64 bit Build 22621 (10.0.22621.4391)
OS uptime: 0 days 2:31 hours
Hyper-V role detected

CPU: total 12 (initial active 12) (6 cores per cpu, 2 threads per core) family 6 model 154 stepping 4 microcode 0x435, cx8, cmov, fxsr, ht, mmx, 3dnowpref, sse, sse2, sse3, ssse3, sse4.1, sse4.2, popcnt, lzcnt, tsc, tscinvbit, avx, avx2, aes, erms, clmul, bmi1, bmi2, adx, sha, fma, vzeroupper, clflush, clflushopt, clwb, hv
Processor Information for processor 0
  Max Mhz: 1700, Current Mhz: 1700, Mhz Limit: 1700
Processor Information for processor 1
  Max Mhz: 1700, Current Mhz: 1700, Mhz Limit: 1700
Processor Information for processor 2
  Max Mhz: 1700, Current Mhz: 1700, Mhz Limit: 1700
Processor Information for processor 3
  Max Mhz: 1700, Current Mhz: 1700, Mhz Limit: 1700
Processor Information for processor 4
  Max Mhz: 1700, Current Mhz: 1200, Mhz Limit: 1190
Processor Information for processor 5
  Max Mhz: 1700, Current Mhz: 1200, Mhz Limit: 1190
Processor Information for processor 6
  Max Mhz: 1700, Current Mhz: 1200, Mhz Limit: 1190
Processor Information for processor 7
  Max Mhz: 1700, Current Mhz: 1200, Mhz Limit: 1190
Processor Information for processor 8
  Max Mhz: 1700, Current Mhz: 1200, Mhz Limit: 1190
Processor Information for processor 9
  Max Mhz: 1700, Current Mhz: 1200, Mhz Limit: 1190
Processor Information for processor 10
  Max Mhz: 1700, Current Mhz: 1200, Mhz Limit: 1190
Processor Information for processor 11
  Max Mhz: 1700, Current Mhz: 1200, Mhz Limit: 1190

Memory: 4k page, system-wide physical 16068M (3325M free)
TotalPageFile size 16068M (AvailPageFile size 3M)
current process WorkingSet (physical memory assigned to process): 396M, peak: 396M
current process commit charge ("private bytes"): 435M, peak: 439M

vm_info: OpenJDK 64-Bit Server VM (17.0.13+11) for windows-amd64 JRE (17.0.13+11), built on Oct 16 2024 00:10:08 by "admin" with MS VC++ 17.7 (VS2022)

END.
